{"level":"debug","ts":"2024-10-23T16:54:56.125+0800","caller":"web2/main.go:32","msg":"logger init success"}
{"level":"debug","ts":"2024-10-23T16:55:46.889+0800","caller":"web2/main.go:32","msg":"logger init success"}
{"level":"debug","ts":"2024-10-23T16:56:24.354+0800","caller":"web2/main.go:32","msg":"logger init success"}
{"level":"debug","ts":"2024-10-23T16:57:00.816+0800","caller":"web2/main.go:32","msg":"logger init success"}
{"level":"debug","ts":"2024-10-23T16:58:27.609+0800","caller":"web2/main.go:32","msg":"logger init success"}
{"level":"debug","ts":"2024-10-23T16:59:11.136+0800","caller":"web2/main.go:32","msg":"logger init success"}
{"level":"debug","ts":"2024-10-23T16:59:36.084+0800","caller":"web2/main.go:32","msg":"logger init success"}
{"level":"info","ts":"2024-10-23T17:00:08.303+0800","caller":"logger/logger.go:77","msg":"/","status":200,"method":"GET","path":"/","query":"","ip":"::1","user-agent":"Mozilla/5.0 (Windows NT 10.0; Win64; x64) AppleWebKit/537.36 (KHTML, like Gecko) Chrome/128.0.0.0 Safari/537.36 Edg/128.0.0.0","errors":"","cost":0.0009967}
{"level":"info","ts":"2024-10-23T17:12:33.181+0800","caller":"web2/main.go:68","msg":"Shutdown Server ..."}
{"level":"info","ts":"2024-10-23T17:12:33.182+0800","caller":"web2/main.go:77","msg":"Server exiting"}
{"level":"debug","ts":"2024-10-23T17:15:10.721+0800","caller":"web2/main.go:32","msg":"logger init success"}
{"level":"info","ts":"2024-10-23T17:15:13.948+0800","caller":"web2/main.go:68","msg":"Shutdown Server ..."}
{"level":"info","ts":"2024-10-23T17:15:13.948+0800","caller":"web2/main.go:77","msg":"Server exiting"}
{"level":"debug","ts":"2024-10-23T17:41:06.552+0800","caller":"web2/main.go:32","msg":"logger init success"}
{"level":"info","ts":"2024-10-23T17:46:45.398+0800","caller":"web2/main.go:68","msg":"Shutdown Server ..."}
{"level":"info","ts":"2024-10-23T17:46:45.401+0800","caller":"web2/main.go:77","msg":"Server exiting"}
{"level":"debug","ts":"2024-10-23T17:46:48.936+0800","caller":"web2/main.go:32","msg":"logger init success"}
{"level":"info","ts":"2024-10-23T17:46:59.645+0800","caller":"web2/main.go:68","msg":"Shutdown Server ..."}
{"level":"info","ts":"2024-10-23T17:46:59.645+0800","caller":"web2/main.go:77","msg":"Server exiting"}
{"level":"debug","ts":"2024-10-23T17:47:03.057+0800","caller":"web2/main.go:32","msg":"logger init success"}
{"level":"info","ts":"2024-10-23T17:47:25.194+0800","caller":"web2/main.go:68","msg":"Shutdown Server ..."}
{"level":"info","ts":"2024-10-23T17:47:25.194+0800","caller":"web2/main.go:77","msg":"Server exiting"}
{"level":"debug","ts":"2024-10-23T17:47:28.458+0800","caller":"web2/main.go:32","msg":"logger init success"}
{"level":"info","ts":"2024-10-23T17:47:36.098+0800","caller":"web2/main.go:68","msg":"Shutdown Server ..."}
{"level":"info","ts":"2024-10-23T17:47:36.099+0800","caller":"web2/main.go:77","msg":"Server exiting"}
{"level":"debug","ts":"2024-10-23T17:47:39.413+0800","caller":"web2/main.go:32","msg":"logger init success"}
{"level":"info","ts":"2024-10-23T17:47:43.165+0800","caller":"web2/main.go:68","msg":"Shutdown Server ..."}
{"level":"info","ts":"2024-10-23T17:47:43.165+0800","caller":"web2/main.go:77","msg":"Server exiting"}
{"level":"debug","ts":"2024-10-23T17:47:46.649+0800","caller":"web2/main.go:32","msg":"logger init success"}
{"level":"info","ts":"2024-10-23T17:48:00.060+0800","caller":"logger/logger.go:77","msg":"/","status":200,"method":"GET","path":"/","query":"","ip":"::1","user-agent":"Mozilla/5.0 (Windows NT 10.0; Win64; x64) AppleWebKit/537.36 (KHTML, like Gecko) Chrome/130.0.0.0 Safari/537.36","errors":"","cost":0}
{"level":"info","ts":"2024-10-23T17:48:00.134+0800","caller":"logger/logger.go:77","msg":"/favicon.ico","status":404,"method":"GET","path":"/favicon.ico","query":"","ip":"::1","user-agent":"Mozilla/5.0 (Windows NT 10.0; Win64; x64) AppleWebKit/537.36 (KHTML, like Gecko) Chrome/130.0.0.0 Safari/537.36","errors":"","cost":0}
{"level":"info","ts":"2024-10-23T17:49:11.251+0800","caller":"web2/main.go:68","msg":"Shutdown Server ..."}
{"level":"info","ts":"2024-10-23T17:49:11.251+0800","caller":"web2/main.go:77","msg":"Server exiting"}
{"level":"debug","ts":"2024-10-23T17:49:14.191+0800","caller":"web2/main.go:32","msg":"logger init success"}
{"level":"info","ts":"2024-10-23T17:49:16.063+0800","caller":"logger/logger.go:77","msg":"/","status":200,"method":"GET","path":"/","query":"","ip":"::1","user-agent":"Mozilla/5.0 (Windows NT 10.0; Win64; x64) AppleWebKit/537.36 (KHTML, like Gecko) Chrome/130.0.0.0 Safari/537.36","errors":"","cost":0}
{"level":"info","ts":"2024-10-23T17:49:27.673+0800","caller":"web2/main.go:68","msg":"Shutdown Server ..."}
{"level":"info","ts":"2024-10-23T17:49:27.673+0800","caller":"web2/main.go:77","msg":"Server exiting"}
{"level":"debug","ts":"2024-10-23T17:55:25.888+0800","caller":"web2/main.go:32","msg":"logger init success"}
{"level":"debug","ts":"2024-10-23T17:56:04.650+0800","caller":"web2/main.go:32","msg":"logger init success"}
{"level":"info","ts":"2024-10-23T17:56:07.862+0800","caller":"logger/logger.go:77","msg":"/","status":200,"method":"GET","path":"/","query":"","ip":"::1","user-agent":"Mozilla/5.0 (Windows NT 10.0; Win64; x64) AppleWebKit/537.36 (KHTML, like Gecko) Chrome/130.0.0.0 Safari/537.36","errors":"","cost":0}
{"level":"info","ts":"2024-10-23T18:26:48.663+0800","caller":"web2/main.go:68","msg":"Shutdown Server ..."}
{"level":"info","ts":"2024-10-23T18:26:48.663+0800","caller":"web2/main.go:77","msg":"Server exiting"}
{"level":"debug","ts":"2024-10-23T22:02:08.660+0800","caller":"web2/main.go:32","msg":"logger init success"}
{"level":"info","ts":"2024-10-23T22:02:42.203+0800","caller":"web2/main.go:68","msg":"Shutdown Server ..."}
{"level":"info","ts":"2024-10-23T22:02:42.203+0800","caller":"web2/main.go:77","msg":"Server exiting"}
{"level":"debug","ts":"2024-10-23T22:08:41.327+0800","caller":"web2/main.go:32","msg":"logger init success"}
{"level":"info","ts":"2024-10-23T22:08:43.533+0800","caller":"web2/main.go:68","msg":"Shutdown Server ..."}
{"level":"info","ts":"2024-10-23T22:08:43.533+0800","caller":"web2/main.go:77","msg":"Server exiting"}
{"level":"debug","ts":"2024-10-23T22:11:12.375+0800","caller":"web2/main.go:32","msg":"logger init success"}
{"level":"info","ts":"2024-10-23T22:11:40.031+0800","caller":"web2/main.go:68","msg":"Shutdown Server ..."}
{"level":"info","ts":"2024-10-23T22:11:40.031+0800","caller":"web2/main.go:77","msg":"Server exiting"}
{"level":"debug","ts":"2024-10-23T22:13:10.238+0800","caller":"web2/main.go:32","msg":"logger init success"}
{"level":"info","ts":"2024-10-23T22:13:21.529+0800","caller":"web2/main.go:68","msg":"Shutdown Server ..."}
{"level":"info","ts":"2024-10-23T22:13:21.531+0800","caller":"web2/main.go:77","msg":"Server exiting"}
{"level":"debug","ts":"2024-10-23T22:20:08.649+0800","caller":"web2/main.go:32","msg":"logger init success"}
{"level":"info","ts":"2024-10-23T22:20:19.087+0800","caller":"web2/main.go:68","msg":"Shutdown Server ..."}
{"level":"info","ts":"2024-10-23T22:20:19.087+0800","caller":"web2/main.go:77","msg":"Server exiting"}
{"level":"debug","ts":"2024-10-23T22:20:56.004+0800","caller":"web2/main.go:32","msg":"logger init success"}
{"level":"info","ts":"2024-10-23T22:20:56.823+0800","caller":"web2/main.go:68","msg":"Shutdown Server ..."}
{"level":"info","ts":"2024-10-23T22:20:56.823+0800","caller":"web2/main.go:77","msg":"Server exiting"}
{"level":"debug","ts":"2024-10-23T22:22:04.751+0800","caller":"web2/main.go:35","msg":"logger init success"}
{"level":"info","ts":"2024-10-23T22:22:11.769+0800","caller":"web2/main.go:71","msg":"Shutdown Server ..."}
{"level":"info","ts":"2024-10-23T22:22:11.770+0800","caller":"web2/main.go:80","msg":"Server exiting"}
{"level":"debug","ts":"2024-10-23T22:50:18.400+0800","caller":"web2/main.go:45","msg":"logger init success"}
{"level":"debug","ts":"2024-10-23T22:50:34.794+0800","caller":"web2/main.go:45","msg":"logger init success"}
{"level":"info","ts":"2024-10-23T22:51:01.034+0800","caller":"web2/main.go:81","msg":"Shutdown Server ..."}
{"level":"info","ts":"2024-10-23T22:51:01.034+0800","caller":"web2/main.go:90","msg":"Server exiting"}
{"level":"debug","ts":"2024-10-23T22:51:07.584+0800","caller":"web2/main.go:45","msg":"logger init success"}
{"level":"info","ts":"2024-10-23T22:51:13.209+0800","caller":"web2/main.go:81","msg":"Shutdown Server ..."}
{"level":"info","ts":"2024-10-23T22:51:13.209+0800","caller":"web2/main.go:90","msg":"Server exiting"}
{"level":"debug","ts":"2024-10-23T22:52:00.765+0800","caller":"web2/main.go:45","msg":"logger init success"}
{"level":"info","ts":"2024-10-23T22:52:28.522+0800","caller":"web2/main.go:81","msg":"Shutdown Server ..."}
{"level":"info","ts":"2024-10-23T22:52:28.522+0800","caller":"web2/main.go:90","msg":"Server exiting"}
{"level":"debug","ts":"2024-10-24T20:01:26.390+0800","caller":"web2/main.go:45","msg":"logger init success"}
{"level":"info","ts":"2024-10-24T20:01:33.627+0800","caller":"web2/main.go:81","msg":"Shutdown Server ..."}
{"level":"info","ts":"2024-10-24T20:01:33.627+0800","caller":"web2/main.go:90","msg":"Server exiting"}
{"level":"debug","ts":"2024-10-24T20:13:13.183+0800","caller":"web2/main.go:46","msg":"logger init success"}
{"level":"info","ts":"2024-10-24T20:13:28.932+0800","caller":"web2/main.go:87","msg":"Shutdown Server ..."}
{"level":"info","ts":"2024-10-24T20:13:28.934+0800","caller":"web2/main.go:96","msg":"Server exiting"}
{"level":"debug","ts":"2024-10-24T22:46:11.561+0800","caller":"web2/main.go:46","msg":"logger init success"}
{"level":"info","ts":"2024-10-24T22:50:28.666+0800","caller":"web2/main.go:87","msg":"Shutdown Server ..."}
{"level":"info","ts":"2024-10-24T22:50:28.666+0800","caller":"web2/main.go:96","msg":"Server exiting"}
{"level":"debug","ts":"2024-10-24T22:50:31.341+0800","caller":"web2/main.go:46","msg":"logger init success"}
{"level":"info","ts":"2024-10-24T22:51:00.417+0800","caller":"web2/main.go:88","msg":"Shutdown Server ..."}
{"level":"info","ts":"2024-10-24T22:51:00.417+0800","caller":"web2/main.go:97","msg":"Server exiting"}
{"level":"debug","ts":"2024-10-24T22:51:03.071+0800","caller":"web2/main.go:46","msg":"logger init success"}
{"level":"info","ts":"2024-10-24T22:53:46.510+0800","caller":"web2/main.go:89","msg":"Shutdown Server ..."}
{"level":"info","ts":"2024-10-24T22:53:46.510+0800","caller":"web2/main.go:98","msg":"Server exiting"}
{"level":"debug","ts":"2024-10-24T23:07:48.323+0800","caller":"web2/main.go:46","msg":"logger init success"}
{"level":"info","ts":"2024-10-24T23:07:52.735+0800","caller":"web2/main.go:89","msg":"Shutdown Server ..."}
{"level":"info","ts":"2024-10-24T23:07:52.735+0800","caller":"web2/main.go:98","msg":"Server exiting"}
{"level":"debug","ts":"2024-10-24T23:07:55.955+0800","caller":"web2/main.go:46","msg":"logger init success"}
{"level":"info","ts":"2024-10-24T23:08:07.519+0800","caller":"web2/main.go:89","msg":"Shutdown Server ..."}
{"level":"info","ts":"2024-10-24T23:08:07.520+0800","caller":"web2/main.go:98","msg":"Server exiting"}
{"level":"debug","ts":"2024-10-24T23:10:34.350+0800","caller":"web2/main.go:46","msg":"logger init success"}
{"level":"info","ts":"2024-10-24T23:11:45.818+0800","caller":"web2/main.go:89","msg":"Shutdown Server ..."}
{"level":"info","ts":"2024-10-24T23:11:45.818+0800","caller":"web2/main.go:98","msg":"Server exiting"}
{"level":"debug","ts":"2024-10-24T23:11:48.460+0800","caller":"web2/main.go:46","msg":"logger init success"}
{"level":"info","ts":"2024-10-24T23:12:03.336+0800","caller":"web2/main.go:91","msg":"Shutdown Server ..."}
{"level":"info","ts":"2024-10-24T23:12:03.336+0800","caller":"web2/main.go:100","msg":"Server exiting"}
{"level":"debug","ts":"2024-10-24T23:12:05.928+0800","caller":"web2/main.go:46","msg":"logger init success"}
{"level":"info","ts":"2024-10-24T23:12:19.025+0800","caller":"web2/main.go:92","msg":"Shutdown Server ..."}
{"level":"info","ts":"2024-10-24T23:12:19.025+0800","caller":"web2/main.go:101","msg":"Server exiting"}
{"level":"debug","ts":"2024-10-24T23:13:32.758+0800","caller":"web2/main.go:46","msg":"logger init success"}
{"level":"debug","ts":"2024-10-24T23:19:08.376+0800","caller":"web2/main.go:46","msg":"logger init success"}
{"level":"debug","ts":"2024-10-24T23:24:17.366+0800","caller":"web2/main.go:46","msg":"logger init success"}
{"level":"debug","ts":"2024-10-24T23:24:32.750+0800","caller":"web2/main.go:46","msg":"logger init success"}
{"level":"debug","ts":"2024-10-24T23:28:12.253+0800","caller":"web2/main.go:46","msg":"logger init success"}
{"level":"info","ts":"2024-10-24T23:28:36.154+0800","caller":"web2/main.go:92","msg":"Shutdown Server ..."}
{"level":"info","ts":"2024-10-24T23:28:36.154+0800","caller":"web2/main.go:101","msg":"Server exiting"}
{"level":"debug","ts":"2024-10-24T23:28:39.050+0800","caller":"web2/main.go:46","msg":"logger init success"}
{"level":"info","ts":"2024-10-24T23:28:49.166+0800","caller":"web2/main.go:92","msg":"Shutdown Server ..."}
{"level":"info","ts":"2024-10-24T23:28:49.166+0800","caller":"web2/main.go:101","msg":"Server exiting"}
{"level":"debug","ts":"2024-10-24T23:28:50.776+0800","caller":"web2/main.go:46","msg":"logger init success"}
{"level":"info","ts":"2024-10-24T23:29:08.949+0800","caller":"web2/main.go:92","msg":"Shutdown Server ..."}
{"level":"info","ts":"2024-10-24T23:29:08.949+0800","caller":"web2/main.go:101","msg":"Server exiting"}
{"level":"debug","ts":"2024-10-24T23:29:11.573+0800","caller":"web2/main.go:46","msg":"logger init success"}
{"level":"info","ts":"2024-10-24T23:29:43.922+0800","caller":"web2/main.go:92","msg":"Shutdown Server ..."}
{"level":"info","ts":"2024-10-24T23:29:43.923+0800","caller":"web2/main.go:101","msg":"Server exiting"}
{"level":"debug","ts":"2024-10-24T23:29:46.631+0800","caller":"web2/main.go:46","msg":"logger init success"}
{"level":"debug","ts":"2024-10-24T23:30:18.800+0800","caller":"web2/main.go:46","msg":"logger init success"}
{"level":"info","ts":"2024-10-24T23:31:26.379+0800","caller":"web2/main.go:92","msg":"Shutdown Server ..."}
{"level":"info","ts":"2024-10-24T23:31:26.379+0800","caller":"web2/main.go:101","msg":"Server exiting"}
{"level":"debug","ts":"2024-10-24T23:31:28.156+0800","caller":"web2/main.go:46","msg":"logger init success"}
{"level":"info","ts":"2024-10-24T23:32:23.676+0800","caller":"web2/main.go:92","msg":"Shutdown Server ..."}
{"level":"info","ts":"2024-10-24T23:32:23.676+0800","caller":"web2/main.go:101","msg":"Server exiting"}
{"level":"debug","ts":"2024-10-24T23:35:19.424+0800","caller":"web2/main.go:46","msg":"logger init success"}
{"level":"error","ts":"2024-10-24T23:36:53.964+0800","caller":"controllers/user.go:17","msg":"Signup with invalid param","error":"invalid character '}' looking for beginning of object key string"}
{"level":"info","ts":"2024-10-24T23:36:53.964+0800","caller":"logger/logger.go:74","msg":"/signup","status":200,"method":"POST","path":"/signup","query":"","ip":"::1","user-agent":"PostmanRuntime/7.42.0","errors":"","cost":0}
{"level":"error","ts":"2024-10-24T23:37:35.376+0800","caller":"controllers/user.go:17","msg":"Signup with invalid param","error":"invalid character '}' looking for beginning of object key string"}
{"level":"info","ts":"2024-10-24T23:37:35.376+0800","caller":"logger/logger.go:74","msg":"/signup","status":200,"method":"POST","path":"/signup","query":"","ip":"::1","user-agent":"PostmanRuntime/7.42.0","errors":"","cost":0}
{"level":"info","ts":"2024-10-24T23:37:41.669+0800","caller":"web2/main.go:92","msg":"Shutdown Server ..."}
{"level":"info","ts":"2024-10-24T23:37:41.669+0800","caller":"web2/main.go:101","msg":"Server exiting"}
{"level":"debug","ts":"2024-10-24T23:37:51.688+0800","caller":"web2/main.go:46","msg":"logger init success"}
{"level":"error","ts":"2024-10-24T23:37:55.676+0800","caller":"controllers/user.go:17","msg":"Signup with invalid param","error":"invalid character '}' looking for beginning of object key string"}
{"level":"info","ts":"2024-10-24T23:37:55.676+0800","caller":"logger/logger.go:74","msg":"/signup","status":200,"method":"POST","path":"/signup","query":"","ip":"::1","user-agent":"PostmanRuntime/7.42.0","errors":"","cost":0}
{"level":"info","ts":"2024-10-24T23:38:54.871+0800","caller":"web2/main.go:92","msg":"Shutdown Server ..."}
{"level":"info","ts":"2024-10-24T23:38:54.874+0800","caller":"web2/main.go:101","msg":"Server exiting"}
{"level":"debug","ts":"2024-10-24T23:39:05.123+0800","caller":"web2/main.go:46","msg":"logger init success"}
{"level":"info","ts":"2024-10-24T23:39:09.273+0800","caller":"web2/main.go:92","msg":"Shutdown Server ..."}
{"level":"info","ts":"2024-10-24T23:39:09.274+0800","caller":"web2/main.go:101","msg":"Server exiting"}
{"level":"debug","ts":"2024-10-24T23:39:13.183+0800","caller":"web2/main.go:46","msg":"logger init success"}
{"level":"error","ts":"2024-10-24T23:39:17.170+0800","caller":"controllers/user.go:17","msg":"Signup with invalid param","error":"invalid character '}' looking for beginning of object key string"}
{"level":"info","ts":"2024-10-24T23:39:17.170+0800","caller":"logger/logger.go:74","msg":"/signup","status":200,"method":"POST","path":"/signup","query":"","ip":"::1","user-agent":"PostmanRuntime/7.42.0","errors":"","cost":0}
{"level":"info","ts":"2024-10-24T23:42:35.079+0800","caller":"logger/logger.go:74","msg":"/signup","status":200,"method":"POST","path":"/signup","query":"","ip":"::1","user-agent":"PostmanRuntime/7.42.0","errors":"","cost":0.0005213}
{"level":"info","ts":"2024-10-24T23:47:38.979+0800","caller":"web2/main.go:92","msg":"Shutdown Server ..."}
{"level":"info","ts":"2024-10-24T23:47:38.983+0800","caller":"web2/main.go:101","msg":"Server exiting"}
{"level":"debug","ts":"2024-10-24T23:47:43.986+0800","caller":"web2/main.go:46","msg":"logger init success"}
{"level":"error","ts":"2024-10-24T23:47:44.716+0800","caller":"controllers/user.go:25","msg":"Signup with invalid param"}
{"level":"info","ts":"2024-10-24T23:47:44.716+0800","caller":"logger/logger.go:74","msg":"/signup","status":200,"method":"POST","path":"/signup","query":"","ip":"::1","user-agent":"PostmanRuntime/7.42.0","errors":"","cost":0}
{"level":"error","ts":"2024-10-24T23:47:47.014+0800","caller":"controllers/user.go:25","msg":"Signup with invalid param"}
{"level":"info","ts":"2024-10-24T23:47:47.014+0800","caller":"logger/logger.go:74","msg":"/signup","status":200,"method":"POST","path":"/signup","query":"","ip":"::1","user-agent":"PostmanRuntime/7.42.0","errors":"","cost":0}
{"level":"info","ts":"2024-10-24T23:48:21.344+0800","caller":"web2/main.go:92","msg":"Shutdown Server ..."}
{"level":"info","ts":"2024-10-24T23:48:21.344+0800","caller":"web2/main.go:101","msg":"Server exiting"}
{"level":"debug","ts":"2024-10-24T23:48:23.876+0800","caller":"web2/main.go:46","msg":"logger init success"}
{"level":"error","ts":"2024-10-24T23:48:26.143+0800","caller":"controllers/user.go:25","msg":"Signup with invalid param"}
{"level":"info","ts":"2024-10-24T23:48:26.143+0800","caller":"logger/logger.go:74","msg":"/signup","status":200,"method":"POST","path":"/signup","query":"","ip":"::1","user-agent":"PostmanRuntime/7.42.0","errors":"","cost":0.0005335}
{"level":"info","ts":"2024-10-24T23:48:36.957+0800","caller":"web2/main.go:92","msg":"Shutdown Server ..."}
{"level":"info","ts":"2024-10-24T23:48:36.957+0800","caller":"web2/main.go:101","msg":"Server exiting"}
{"level":"debug","ts":"2024-10-24T23:48:42.382+0800","caller":"web2/main.go:46","msg":"logger init success"}
{"level":"error","ts":"2024-10-24T23:48:43.718+0800","caller":"controllers/user.go:25","msg":"Signup with invalid param"}
{"level":"info","ts":"2024-10-24T23:48:43.718+0800","caller":"logger/logger.go:74","msg":"/signup","status":200,"method":"POST","path":"/signup","query":"","ip":"::1","user-agent":"PostmanRuntime/7.42.0","errors":"","cost":0.0023766}
{"level":"info","ts":"2024-10-24T23:51:50.854+0800","caller":"web2/main.go:92","msg":"Shutdown Server ..."}
{"level":"info","ts":"2024-10-24T23:51:50.854+0800","caller":"web2/main.go:101","msg":"Server exiting"}
{"level":"debug","ts":"2024-10-25T14:17:56.444+0800","caller":"web2/main.go:46","msg":"logger init success"}
{"level":"debug","ts":"2024-10-25T14:25:00.184+0800","caller":"web2/main.go:46","msg":"logger init success"}
{"level":"info","ts":"2024-10-25T14:26:54.226+0800","caller":"web2/main.go:92","msg":"Shutdown Server ..."}
{"level":"info","ts":"2024-10-25T14:26:54.227+0800","caller":"web2/main.go:101","msg":"Server exiting"}
{"level":"debug","ts":"2024-10-25T14:32:08.855+0800","caller":"web2/main.go:46","msg":"logger init success"}
{"level":"error","ts":"2024-10-25T14:33:09.607+0800","caller":"controllers/user.go:17","msg":"Signup with invalid param","error":"invalid character '\"' after object key:value pair"}
{"level":"info","ts":"2024-10-25T14:33:09.607+0800","caller":"logger/logger.go:74","msg":"/signup","status":200,"method":"POST","path":"/signup","query":"","ip":"127.0.0.1","user-agent":"PostmanRuntime/7.42.0","errors":"","cost":0}
{"level":"info","ts":"2024-10-25T14:36:53.114+0800","caller":"web2/main.go:92","msg":"Shutdown Server ..."}
{"level":"info","ts":"2024-10-25T14:36:53.115+0800","caller":"web2/main.go:101","msg":"Server exiting"}
{"level":"debug","ts":"2024-10-25T14:37:00.933+0800","caller":"web2/main.go:46","msg":"logger init success"}
{"level":"error","ts":"2024-10-25T14:37:10.264+0800","caller":"controllers/user.go:17","msg":"Signup with invalid param","error":"invalid character '\"' after object key:value pair"}
{"level":"info","ts":"2024-10-25T14:37:10.264+0800","caller":"logger/logger.go:74","msg":"/signup","status":200,"method":"POST","path":"/signup","query":"","ip":"127.0.0.1","user-agent":"PostmanRuntime/7.42.0","errors":"","cost":0.0008042}
{"level":"error","ts":"2024-10-25T14:37:27.726+0800","caller":"controllers/user.go:17","msg":"Signup with invalid param","error":"invalid character '}' looking for beginning of object key string"}
{"level":"info","ts":"2024-10-25T14:37:27.726+0800","caller":"logger/logger.go:74","msg":"/signup","status":200,"method":"POST","path":"/signup","query":"","ip":"127.0.0.1","user-agent":"PostmanRuntime/7.42.0","errors":"","cost":0}
{"level":"error","ts":"2024-10-25T14:37:32.123+0800","caller":"controllers/user.go:17","msg":"Signup with invalid param","error":"Key: 'ParamSignUp.RePassword' Error:Field validation for 'RePassword' failed on the 'required' tag"}
{"level":"info","ts":"2024-10-25T14:37:32.123+0800","caller":"logger/logger.go:74","msg":"/signup","status":200,"method":"POST","path":"/signup","query":"","ip":"127.0.0.1","user-agent":"PostmanRuntime/7.42.0","errors":"","cost":0}
{"level":"info","ts":"2024-10-25T14:38:45.507+0800","caller":"web2/main.go:92","msg":"Shutdown Server ..."}
{"level":"info","ts":"2024-10-25T14:38:45.507+0800","caller":"web2/main.go:101","msg":"Server exiting"}
{"level":"debug","ts":"2024-10-25T15:03:32.103+0800","caller":"web2/main.go:47","msg":"logger init success"}
{"level":"error","ts":"2024-10-25T15:03:37.693+0800","caller":"controllers/user.go:18","msg":"Signup with invalid param","error":"Key: 'ParamSignUp.RePassword' Error:Field validation for 'RePassword' failed on the 'required' tag"}
{"level":"info","ts":"2024-10-25T15:03:37.693+0800","caller":"logger/logger.go:74","msg":"/signup","status":200,"method":"POST","path":"/signup","query":"","ip":"127.0.0.1","user-agent":"PostmanRuntime/7.42.0","errors":"","cost":0.0005879}
{"level":"info","ts":"2024-10-25T15:04:16.487+0800","caller":"web2/main.go:100","msg":"Shutdown Server ..."}
{"level":"info","ts":"2024-10-25T15:04:16.487+0800","caller":"web2/main.go:109","msg":"Server exiting"}
{"level":"debug","ts":"2024-10-25T15:08:33.435+0800","caller":"web2/main.go:47","msg":"logger init success"}
{"level":"error","ts":"2024-10-25T15:08:37.973+0800","caller":"controllers/user.go:18","msg":"Signup with invalid param","error":"Key: 'ParamSignUp.repassword' Error:Field validation for 'repassword' failed on the 'required' tag"}
{"level":"info","ts":"2024-10-25T15:08:37.973+0800","caller":"logger/logger.go:74","msg":"/signup","status":200,"method":"POST","path":"/signup","query":"","ip":"127.0.0.1","user-agent":"PostmanRuntime/7.42.0","errors":"","cost":0}
{"level":"info","ts":"2024-10-25T15:11:24.473+0800","caller":"web2/main.go:100","msg":"Shutdown Server ..."}
{"level":"info","ts":"2024-10-25T15:11:24.475+0800","caller":"web2/main.go:109","msg":"Server exiting"}
{"level":"debug","ts":"2024-10-25T23:03:23.411+0800","caller":"web2/main.go:47","msg":"logger init success"}
{"level":"error","ts":"2024-10-25T23:04:01.739+0800","caller":"logger/logger.go:116","msg":"[Recovery from panic]","error":"Undefined validation function 'required eqfield' on field 'RePassword'","request":"POST /signup HTTP/1.1\r\nHost: localhost:8080\r\nAccept: */*\r\nAccept-Encoding: gzip, deflate, br\r\nConnection: keep-alive\r\nContent-Length: 86\r\nContent-Type: text/plain\r\nPostman-Token: c25f5895-548f-4eed-9987-1b690ef6a603\r\nUser-Agent: PostmanRuntime/7.42.0\r\n\r\n","stack":"goroutine 52 [running]:\nruntime/debug.Stack()\n\tC:/Users/Administrator/sdk/go1.23.1/src/runtime/debug/stack.go:26 +0x5e\nweb2/routes.Setup.GinRecovery.func4.1()\n\tE:/web2/logger/logger.go:119 +0x4d8\npanic({0xc4aa20?, 0xc0001b0230?})\n\tC:/Users/Administrator/sdk/go1.23.1/src/runtime/panic.go:785 +0x132\ngithub.com/go-playground/validator/v10.(*Validate).parseFieldTagsRecursive(0xc0000a6770, {0xc4fd55?, 0x0?}, {0xc4fd2f, 0xa}, {0x0, 0x0}, 0x0)\n\tC:/Users/Administrator/go/pkg/mod/github.com/go-playground/validator/v10@v10.22.0/cache.go:299 +0xa48\ngithub.com/go-playground/validator/v10.(*Validate).extractStructCache(0xc0000a6770, {0xca8440?, 0xc0001a8930?, 0x0?}, {0xc261fa, 0xb})\n\tC:/Users/Administrator/go/pkg/mod/github.com/go-playground/validator/v10@v10.22.0/cache.go:156 +0x5c5\ngithub.com/go-playground/validator/v10.(*validate).validateStruct(0xc0001b2240, {0xdef040, 0x11af300}, {0xc3c860?, 0xc0001a8930?, 0x1?}, {0xca8440?, 0xc0001a8930?, 0xca8440?}, {0xdf8660, ...}, ...)\n\tC:/Users/Administrator/go/pkg/mod/github.com/go-playground/validator/v10@v10.22.0/validator.go:38 +0x17c\ngithub.com/go-playground/validator/v10.(*Validate).StructCtx(0xc0000a6770, {0xdef040, 0x11af300}, {0xc3c860, 0xc0001a8930})\n\tC:/Users/Administrator/go/pkg/mod/github.com/go-playground/validator/v10@v10.22.0/validator_instance.go:395 +0x445\ngithub.com/go-playground/validator/v10.(*Validate).Struct(...)\n\tC:/Users/Administrator/go/pkg/mod/github.com/go-playground/validator/v10@v10.22.0/validator_instance.go:368\ngithub.com/gin-gonic/gin/binding.(*defaultValidator).validateStruct(0x1167570, {0xc3c860, 0xc0001a8930})\n\tC:/Users/Administrator/go/pkg/mod/github.com/gin-gonic/gin@v1.10.0/binding/default_validator.go:83 +0x4b\ngithub.com/gin-gonic/gin/binding.(*defaultValidator).ValidateStruct(0x1167570, {0xc3c860, 0xc0001a8930})\n\tC:/Users/Administrator/go/pkg/mod/github.com/gin-gonic/gin@v1.10.0/binding/default_validator.go:60 +0x13e\ngithub.com/gin-gonic/gin/binding.validate(...)\n\tC:/Users/Administrator/go/pkg/mod/github.com/gin-gonic/gin@v1.10.0/binding/binding.go:121\ngithub.com/gin-gonic/gin/binding.decodeJSON({0x1c4ddf4e340?, 0xc000067a00?}, {0xc3c860, 0xc0001a8930})\n\tC:/Users/Administrator/go/pkg/mod/github.com/gin-gonic/gin@v1.10.0/binding/json.go:55 +0x9c\ngithub.com/gin-gonic/gin/binding.jsonBinding.Bind({}, 0x30?, {0xc3c860?, 0xc0001a8930?})\n\tC:/Users/Administrator/go/pkg/mod/github.com/gin-gonic/gin@v1.10.0/binding/json.go:37 +0x86\ngithub.com/gin-gonic/gin.(*Context).ShouldBindWith(...)\n\tC:/Users/Administrator/go/pkg/mod/github.com/gin-gonic/gin@v1.10.0/context.go:752\ngithub.com/gin-gonic/gin.(*Context).ShouldBindJSON(...)\n\tC:/Users/Administrator/go/pkg/mod/github.com/gin-gonic/gin@v1.10.0/context.go:712\nweb2/controllers.SignUpHandler(0xc0001a6600)\n\tE:/web2/controllers/user.go:17 +0x84\ngithub.com/gin-gonic/gin.(*Context).Next(0xc0001a6600)\n\tC:/Users/Administrator/go/pkg/mod/github.com/gin-gonic/gin@v1.10.0/context.go:185 +0x2b\nweb2/routes.Setup.GinRecovery.func4(0xc0000356e8?)\n\tE:/web2/logger/logger.go:130 +0x47\ngithub.com/gin-gonic/gin.(*Context).Next(0xc0001a6600)\n\tC:/Users/Administrator/go/pkg/mod/github.com/gin-gonic/gin@v1.10.0/context.go:185 +0x2b\nweb2/routes.Setup.GinLogger.func3(0xc0001a6600)\n\tE:/web2/logger/logger.go:71 +0x78\ngithub.com/gin-gonic/gin.(*Context).Next(...)\n\tC:/Users/Administrator/go/pkg/mod/github.com/gin-gonic/gin@v1.10.0/context.go:185\ngithub.com/gin-gonic/gin.(*Engine).handleHTTPRequest(0xc0000e4340, 0xc0001a6600)\n\tC:/Users/Administrator/go/pkg/mod/github.com/gin-gonic/gin@v1.10.0/gin.go:633 +0x892\ngithub.com/gin-gonic/gin.(*Engine).ServeHTTP(0xc0000e4340, {0xdee740, 0xc00012c380}, 0xc000304140)\n\tC:/Users/Administrator/go/pkg/mod/github.com/gin-gonic/gin@v1.10.0/gin.go:589 +0x1b2\nnet/http.serverHandler.ServeHTTP({0xdecb70?}, {0xdee740?, 0xc00012c380?}, 0x6?)\n\tC:/Users/Administrator/sdk/go1.23.1/src/net/http/server.go:3210 +0x8e\nnet/http.(*conn).serve(0xc0000a8120, {0xdef078, 0xc000290420})\n\tC:/Users/Administrator/sdk/go1.23.1/src/net/http/server.go:2092 +0x5d0\ncreated by net/http.(*Server).Serve in goroutine 50\n\tC:/Users/Administrator/sdk/go1.23.1/src/net/http/server.go:3360 +0x485\n"}
{"level":"info","ts":"2024-10-25T23:04:01.739+0800","caller":"logger/logger.go:74","msg":"/signup","status":500,"method":"POST","path":"/signup","query":"","ip":"::1","user-agent":"PostmanRuntime/7.42.0","errors":"","cost":0.0014348}
{"level":"error","ts":"2024-10-25T23:04:14.426+0800","caller":"logger/logger.go:116","msg":"[Recovery from panic]","error":"Undefined validation function 'required eqfield' on field 'RePassword'","request":"POST /signup HTTP/1.1\r\nHost: localhost:8080\r\nAccept: */*\r\nAccept-Encoding: gzip, deflate, br\r\nConnection: keep-alive\r\nContent-Length: 86\r\nContent-Type: text/plain\r\nPostman-Token: 80a7f292-77f4-4b99-a6cf-63514680dd12\r\nUser-Agent: PostmanRuntime/7.42.0\r\n\r\n","stack":"goroutine 52 [running]:\nruntime/debug.Stack()\n\tC:/Users/Administrator/sdk/go1.23.1/src/runtime/debug/stack.go:26 +0x5e\nweb2/routes.Setup.GinRecovery.func4.1()\n\tE:/web2/logger/logger.go:119 +0x4d8\npanic({0xc4aa20?, 0xc0001b0350?})\n\tC:/Users/Administrator/sdk/go1.23.1/src/runtime/panic.go:785 +0x132\ngithub.com/go-playground/validator/v10.(*Validate).parseFieldTagsRecursive(0xc0000a6770, {0xc4fd55?, 0x0?}, {0xc4fd2f, 0xa}, {0x0, 0x0}, 0x0)\n\tC:/Users/Administrator/go/pkg/mod/github.com/go-playground/validator/v10@v10.22.0/cache.go:299 +0xa48\ngithub.com/go-playground/validator/v10.(*Validate).extractStructCache(0xc0000a6770, {0xca8440?, 0xc0001a8ba0?, 0x10?}, {0xc261fa, 0xb})\n\tC:/Users/Administrator/go/pkg/mod/github.com/go-playground/validator/v10@v10.22.0/cache.go:156 +0x5c5\ngithub.com/go-playground/validator/v10.(*validate).validateStruct(0xc0001b2480, {0xdef040, 0x11af300}, {0xc3c860?, 0xc0001a8ba0?, 0x1?}, {0xca8440?, 0xc0001a8ba0?, 0xca8440?}, {0xdf8660, ...}, ...)\n\tC:/Users/Administrator/go/pkg/mod/github.com/go-playground/validator/v10@v10.22.0/validator.go:38 +0x17c\ngithub.com/go-playground/validator/v10.(*Validate).StructCtx(0xc0000a6770, {0xdef040, 0x11af300}, {0xc3c860, 0xc0001a8ba0})\n\tC:/Users/Administrator/go/pkg/mod/github.com/go-playground/validator/v10@v10.22.0/validator_instance.go:395 +0x445\ngithub.com/go-playground/validator/v10.(*Validate).Struct(...)\n\tC:/Users/Administrator/go/pkg/mod/github.com/go-playground/validator/v10@v10.22.0/validator_instance.go:368\ngithub.com/gin-gonic/gin/binding.(*defaultValidator).validateStruct(0x1167570, {0xc3c860, 0xc0001a8ba0})\n\tC:/Users/Administrator/go/pkg/mod/github.com/gin-gonic/gin@v1.10.0/binding/default_validator.go:83 +0x4b\ngithub.com/gin-gonic/gin/binding.(*defaultValidator).ValidateStruct(0x1167570, {0xc3c860, 0xc0001a8ba0})\n\tC:/Users/Administrator/go/pkg/mod/github.com/gin-gonic/gin@v1.10.0/binding/default_validator.go:60 +0x13e\ngithub.com/gin-gonic/gin/binding.validate(...)\n\tC:/Users/Administrator/go/pkg/mod/github.com/gin-gonic/gin@v1.10.0/binding/binding.go:121\ngithub.com/gin-gonic/gin/binding.decodeJSON({0x1c4ddf4e340?, 0xc000067bc0?}, {0xc3c860, 0xc0001a8ba0})\n\tC:/Users/Administrator/go/pkg/mod/github.com/gin-gonic/gin@v1.10.0/binding/json.go:55 +0x9c\ngithub.com/gin-gonic/gin/binding.jsonBinding.Bind({}, 0x30?, {0xc3c860?, 0xc0001a8ba0?})\n\tC:/Users/Administrator/go/pkg/mod/github.com/gin-gonic/gin@v1.10.0/binding/json.go:37 +0x86\ngithub.com/gin-gonic/gin.(*Context).ShouldBindWith(...)\n\tC:/Users/Administrator/go/pkg/mod/github.com/gin-gonic/gin@v1.10.0/context.go:752\ngithub.com/gin-gonic/gin.(*Context).ShouldBindJSON(...)\n\tC:/Users/Administrator/go/pkg/mod/github.com/gin-gonic/gin@v1.10.0/context.go:712\nweb2/controllers.SignUpHandler(0xc0001a6600)\n\tE:/web2/controllers/user.go:17 +0x84\ngithub.com/gin-gonic/gin.(*Context).Next(0xc0001a6600)\n\tC:/Users/Administrator/go/pkg/mod/github.com/gin-gonic/gin@v1.10.0/context.go:185 +0x2b\nweb2/routes.Setup.GinRecovery.func4(0xc0000356e8?)\n\tE:/web2/logger/logger.go:130 +0x47\ngithub.com/gin-gonic/gin.(*Context).Next(0xc0001a6600)\n\tC:/Users/Administrator/go/pkg/mod/github.com/gin-gonic/gin@v1.10.0/context.go:185 +0x2b\nweb2/routes.Setup.GinLogger.func3(0xc0001a6600)\n\tE:/web2/logger/logger.go:71 +0x78\ngithub.com/gin-gonic/gin.(*Context).Next(...)\n\tC:/Users/Administrator/go/pkg/mod/github.com/gin-gonic/gin@v1.10.0/context.go:185\ngithub.com/gin-gonic/gin.(*Engine).handleHTTPRequest(0xc0000e4340, 0xc0001a6600)\n\tC:/Users/Administrator/go/pkg/mod/github.com/gin-gonic/gin@v1.10.0/gin.go:633 +0x892\ngithub.com/gin-gonic/gin.(*Engine).ServeHTTP(0xc0000e4340, {0xdee740, 0xc00012c460}, 0xc000071540)\n\tC:/Users/Administrator/go/pkg/mod/github.com/gin-gonic/gin@v1.10.0/gin.go:589 +0x1b2\nnet/http.serverHandler.ServeHTTP({0xdecb70?}, {0xdee740?, 0xc00012c460?}, 0x6?)\n\tC:/Users/Administrator/sdk/go1.23.1/src/net/http/server.go:3210 +0x8e\nnet/http.(*conn).serve(0xc0000a8120, {0xdef078, 0xc000290420})\n\tC:/Users/Administrator/sdk/go1.23.1/src/net/http/server.go:2092 +0x5d0\ncreated by net/http.(*Server).Serve in goroutine 50\n\tC:/Users/Administrator/sdk/go1.23.1/src/net/http/server.go:3360 +0x485\n"}
{"level":"info","ts":"2024-10-25T23:04:14.427+0800","caller":"logger/logger.go:74","msg":"/signup","status":500,"method":"POST","path":"/signup","query":"","ip":"::1","user-agent":"PostmanRuntime/7.42.0","errors":"","cost":0.0010459}
{"level":"error","ts":"2024-10-25T23:04:38.415+0800","caller":"logger/logger.go:116","msg":"[Recovery from panic]","error":"Undefined validation function 'required eqfield' on field 'RePassword'","request":"POST /signup HTTP/1.1\r\nHost: localhost:8080\r\nAccept: */*\r\nAccept-Encoding: gzip, deflate, br\r\nConnection: keep-alive\r\nContent-Length: 86\r\nContent-Type: text/plain\r\nPostman-Token: ff8ca912-393c-4b2a-a3e1-1d02b75f4f8a\r\nUser-Agent: PostmanRuntime/7.42.0\r\n\r\n","stack":"goroutine 52 [running]:\nruntime/debug.Stack()\n\tC:/Users/Administrator/sdk/go1.23.1/src/runtime/debug/stack.go:26 +0x5e\nweb2/routes.Setup.GinRecovery.func4.1()\n\tE:/web2/logger/logger.go:119 +0x4d8\npanic({0xc4aa20?, 0xc0001b0460?})\n\tC:/Users/Administrator/sdk/go1.23.1/src/runtime/panic.go:785 +0x132\ngithub.com/go-playground/validator/v10.(*Validate).parseFieldTagsRecursive(0xc0000a6770, {0xc4fd55?, 0x0?}, {0xc4fd2f, 0xa}, {0x0, 0x0}, 0x0)\n\tC:/Users/Administrator/go/pkg/mod/github.com/go-playground/validator/v10@v10.22.0/cache.go:299 +0xa48\ngithub.com/go-playground/validator/v10.(*Validate).extractStructCache(0xc0000a6770, {0xca8440?, 0xc0001a8cc0?, 0x10?}, {0xc261fa, 0xb})\n\tC:/Users/Administrator/go/pkg/mod/github.com/go-playground/validator/v10@v10.22.0/cache.go:156 +0x5c5\ngithub.com/go-playground/validator/v10.(*validate).validateStruct(0xc0001b25a0, {0xdef040, 0x11af300}, {0xc3c860?, 0xc0001a8cc0?, 0x1?}, {0xca8440?, 0xc0001a8cc0?, 0xca8440?}, {0xdf8660, ...}, ...)\n\tC:/Users/Administrator/go/pkg/mod/github.com/go-playground/validator/v10@v10.22.0/validator.go:38 +0x17c\ngithub.com/go-playground/validator/v10.(*Validate).StructCtx(0xc0000a6770, {0xdef040, 0x11af300}, {0xc3c860, 0xc0001a8cc0})\n\tC:/Users/Administrator/go/pkg/mod/github.com/go-playground/validator/v10@v10.22.0/validator_instance.go:395 +0x445\ngithub.com/go-playground/validator/v10.(*Validate).Struct(...)\n\tC:/Users/Administrator/go/pkg/mod/github.com/go-playground/validator/v10@v10.22.0/validator_instance.go:368\ngithub.com/gin-gonic/gin/binding.(*defaultValidator).validateStruct(0x1167570, {0xc3c860, 0xc0001a8cc0})\n\tC:/Users/Administrator/go/pkg/mod/github.com/gin-gonic/gin@v1.10.0/binding/default_validator.go:83 +0x4b\ngithub.com/gin-gonic/gin/binding.(*defaultValidator).ValidateStruct(0x1167570, {0xc3c860, 0xc0001a8cc0})\n\tC:/Users/Administrator/go/pkg/mod/github.com/gin-gonic/gin@v1.10.0/binding/default_validator.go:60 +0x13e\ngithub.com/gin-gonic/gin/binding.validate(...)\n\tC:/Users/Administrator/go/pkg/mod/github.com/gin-gonic/gin@v1.10.0/binding/binding.go:121\ngithub.com/gin-gonic/gin/binding.decodeJSON({0x1c4ddf4e340?, 0xc000067c80?}, {0xc3c860, 0xc0001a8cc0})\n\tC:/Users/Administrator/go/pkg/mod/github.com/gin-gonic/gin@v1.10.0/binding/json.go:55 +0x9c\ngithub.com/gin-gonic/gin/binding.jsonBinding.Bind({}, 0x30?, {0xc3c860?, 0xc0001a8cc0?})\n\tC:/Users/Administrator/go/pkg/mod/github.com/gin-gonic/gin@v1.10.0/binding/json.go:37 +0x86\ngithub.com/gin-gonic/gin.(*Context).ShouldBindWith(...)\n\tC:/Users/Administrator/go/pkg/mod/github.com/gin-gonic/gin@v1.10.0/context.go:752\ngithub.com/gin-gonic/gin.(*Context).ShouldBindJSON(...)\n\tC:/Users/Administrator/go/pkg/mod/github.com/gin-gonic/gin@v1.10.0/context.go:712\nweb2/controllers.SignUpHandler(0xc0001a6600)\n\tE:/web2/controllers/user.go:17 +0x84\ngithub.com/gin-gonic/gin.(*Context).Next(0xc0001a6600)\n\tC:/Users/Administrator/go/pkg/mod/github.com/gin-gonic/gin@v1.10.0/context.go:185 +0x2b\nweb2/routes.Setup.GinRecovery.func4(0xc0000356e8?)\n\tE:/web2/logger/logger.go:130 +0x47\ngithub.com/gin-gonic/gin.(*Context).Next(0xc0001a6600)\n\tC:/Users/Administrator/go/pkg/mod/github.com/gin-gonic/gin@v1.10.0/context.go:185 +0x2b\nweb2/routes.Setup.GinLogger.func3(0xc0001a6600)\n\tE:/web2/logger/logger.go:71 +0x78\ngithub.com/gin-gonic/gin.(*Context).Next(...)\n\tC:/Users/Administrator/go/pkg/mod/github.com/gin-gonic/gin@v1.10.0/context.go:185\ngithub.com/gin-gonic/gin.(*Engine).handleHTTPRequest(0xc0000e4340, 0xc0001a6600)\n\tC:/Users/Administrator/go/pkg/mod/github.com/gin-gonic/gin@v1.10.0/gin.go:633 +0x892\ngithub.com/gin-gonic/gin.(*Engine).ServeHTTP(0xc0000e4340, {0xdee740, 0xc00012c540}, 0xc0000717c0)\n\tC:/Users/Administrator/go/pkg/mod/github.com/gin-gonic/gin@v1.10.0/gin.go:589 +0x1b2\nnet/http.serverHandler.ServeHTTP({0xdecb70?}, {0xdee740?, 0xc00012c540?}, 0x6?)\n\tC:/Users/Administrator/sdk/go1.23.1/src/net/http/server.go:3210 +0x8e\nnet/http.(*conn).serve(0xc0000a8120, {0xdef078, 0xc000290420})\n\tC:/Users/Administrator/sdk/go1.23.1/src/net/http/server.go:2092 +0x5d0\ncreated by net/http.(*Server).Serve in goroutine 50\n\tC:/Users/Administrator/sdk/go1.23.1/src/net/http/server.go:3360 +0x485\n"}
{"level":"info","ts":"2024-10-25T23:04:38.415+0800","caller":"logger/logger.go:74","msg":"/signup","status":500,"method":"POST","path":"/signup","query":"","ip":"::1","user-agent":"PostmanRuntime/7.42.0","errors":"","cost":0.0010054}
{"level":"error","ts":"2024-10-25T23:05:42.859+0800","caller":"logger/logger.go:116","msg":"[Recovery from panic]","error":"Undefined validation function 'required eqfield' on field 'RePassword'","request":"POST /signup HTTP/1.1\r\nHost: localhost:8080\r\nAccept: */*\r\nAccept-Encoding: gzip, deflate, br\r\nConnection: keep-alive\r\nContent-Length: 86\r\nContent-Type: text/plain\r\nPostman-Token: 56699aae-2cf1-40c4-91bb-4e7c7bb4fadd\r\nUser-Agent: PostmanRuntime/7.42.0\r\n\r\n","stack":"goroutine 38 [running]:\nruntime/debug.Stack()\n\tC:/Users/Administrator/sdk/go1.23.1/src/runtime/debug/stack.go:26 +0x5e\nweb2/routes.Setup.GinRecovery.func4.1()\n\tE:/web2/logger/logger.go:119 +0x4d8\npanic({0xc4aa20?, 0xc000238130?})\n\tC:/Users/Administrator/sdk/go1.23.1/src/runtime/panic.go:785 +0x132\ngithub.com/go-playground/validator/v10.(*Validate).parseFieldTagsRecursive(0xc0000a6770, {0xc4fd55?, 0x0?}, {0xc4fd2f, 0xa}, {0x0, 0x0}, 0x0)\n\tC:/Users/Administrator/go/pkg/mod/github.com/go-playground/validator/v10@v10.22.0/cache.go:299 +0xa48\ngithub.com/go-playground/validator/v10.(*Validate).extractStructCache(0xc0000a6770, {0xca8440?, 0xc00022c150?, 0x10?}, {0xc261fa, 0xb})\n\tC:/Users/Administrator/go/pkg/mod/github.com/go-playground/validator/v10@v10.22.0/cache.go:156 +0x5c5\ngithub.com/go-playground/validator/v10.(*validate).validateStruct(0xc00026e000, {0xdef040, 0x11af300}, {0xc3c860?, 0xc00022c150?, 0x1?}, {0xca8440?, 0xc00022c150?, 0xca8440?}, {0xdf8660, ...}, ...)\n\tC:/Users/Administrator/go/pkg/mod/github.com/go-playground/validator/v10@v10.22.0/validator.go:38 +0x17c\ngithub.com/go-playground/validator/v10.(*Validate).StructCtx(0xc0000a6770, {0xdef040, 0x11af300}, {0xc3c860, 0xc00022c150})\n\tC:/Users/Administrator/go/pkg/mod/github.com/go-playground/validator/v10@v10.22.0/validator_instance.go:395 +0x445\ngithub.com/go-playground/validator/v10.(*Validate).Struct(...)\n\tC:/Users/Administrator/go/pkg/mod/github.com/go-playground/validator/v10@v10.22.0/validator_instance.go:368\ngithub.com/gin-gonic/gin/binding.(*defaultValidator).validateStruct(0x1167570, {0xc3c860, 0xc00022c150})\n\tC:/Users/Administrator/go/pkg/mod/github.com/gin-gonic/gin@v1.10.0/binding/default_validator.go:83 +0x4b\ngithub.com/gin-gonic/gin/binding.(*defaultValidator).ValidateStruct(0x1167570, {0xc3c860, 0xc00022c150})\n\tC:/Users/Administrator/go/pkg/mod/github.com/gin-gonic/gin@v1.10.0/binding/default_validator.go:60 +0x13e\ngithub.com/gin-gonic/gin/binding.validate(...)\n\tC:/Users/Administrator/go/pkg/mod/github.com/gin-gonic/gin@v1.10.0/binding/binding.go:121\ngithub.com/gin-gonic/gin/binding.decodeJSON({0x1c4ddf4e340?, 0xc000236040?}, {0xc3c860, 0xc00022c150})\n\tC:/Users/Administrator/go/pkg/mod/github.com/gin-gonic/gin@v1.10.0/binding/json.go:55 +0x9c\ngithub.com/gin-gonic/gin/binding.jsonBinding.Bind({}, 0x30?, {0xc3c860?, 0xc00022c150?})\n\tC:/Users/Administrator/go/pkg/mod/github.com/gin-gonic/gin@v1.10.0/binding/json.go:37 +0x86\ngithub.com/gin-gonic/gin.(*Context).ShouldBindWith(...)\n\tC:/Users/Administrator/go/pkg/mod/github.com/gin-gonic/gin@v1.10.0/context.go:752\ngithub.com/gin-gonic/gin.(*Context).ShouldBindJSON(...)\n\tC:/Users/Administrator/go/pkg/mod/github.com/gin-gonic/gin@v1.10.0/context.go:712\nweb2/controllers.SignUpHandler(0xc00025e000)\n\tE:/web2/controllers/user.go:17 +0x84\ngithub.com/gin-gonic/gin.(*Context).Next(0xc00025e000)\n\tC:/Users/Administrator/go/pkg/mod/github.com/gin-gonic/gin@v1.10.0/context.go:185 +0x2b\nweb2/routes.Setup.GinRecovery.func4(0xc0003096e8?)\n\tE:/web2/logger/logger.go:130 +0x47\ngithub.com/gin-gonic/gin.(*Context).Next(0xc00025e000)\n\tC:/Users/Administrator/go/pkg/mod/github.com/gin-gonic/gin@v1.10.0/context.go:185 +0x2b\nweb2/routes.Setup.GinLogger.func3(0xc00025e000)\n\tE:/web2/logger/logger.go:71 +0x78\ngithub.com/gin-gonic/gin.(*Context).Next(...)\n\tC:/Users/Administrator/go/pkg/mod/github.com/gin-gonic/gin@v1.10.0/context.go:185\ngithub.com/gin-gonic/gin.(*Engine).handleHTTPRequest(0xc0000e4340, 0xc00025e000)\n\tC:/Users/Administrator/go/pkg/mod/github.com/gin-gonic/gin@v1.10.0/gin.go:633 +0x892\ngithub.com/gin-gonic/gin.(*Engine).ServeHTTP(0xc0000e4340, {0xdee740, 0xc00025a000}, 0xc000071a40)\n\tC:/Users/Administrator/go/pkg/mod/github.com/gin-gonic/gin@v1.10.0/gin.go:589 +0x1b2\nnet/http.serverHandler.ServeHTTP({0xdecb70?}, {0xdee740?, 0xc00025a000?}, 0x6?)\n\tC:/Users/Administrator/sdk/go1.23.1/src/net/http/server.go:3210 +0x8e\nnet/http.(*conn).serve(0xc0002d0090, {0xdef078, 0xc000290420})\n\tC:/Users/Administrator/sdk/go1.23.1/src/net/http/server.go:2092 +0x5d0\ncreated by net/http.(*Server).Serve in goroutine 50\n\tC:/Users/Administrator/sdk/go1.23.1/src/net/http/server.go:3360 +0x485\n"}
{"level":"info","ts":"2024-10-25T23:05:42.859+0800","caller":"logger/logger.go:74","msg":"/signup","status":500,"method":"POST","path":"/signup","query":"","ip":"::1","user-agent":"PostmanRuntime/7.42.0","errors":"","cost":0.0018299}
{"level":"error","ts":"2024-10-25T23:05:43.912+0800","caller":"logger/logger.go:116","msg":"[Recovery from panic]","error":"Undefined validation function 'required eqfield' on field 'RePassword'","request":"POST /signup HTTP/1.1\r\nHost: localhost:8080\r\nAccept: */*\r\nAccept-Encoding: gzip, deflate, br\r\nConnection: keep-alive\r\nContent-Length: 86\r\nContent-Type: text/plain\r\nPostman-Token: d0bca74f-d83f-4d36-9641-0341e00c1ab9\r\nUser-Agent: PostmanRuntime/7.42.0\r\n\r\n","stack":"goroutine 38 [running]:\nruntime/debug.Stack()\n\tC:/Users/Administrator/sdk/go1.23.1/src/runtime/debug/stack.go:26 +0x5e\nweb2/routes.Setup.GinRecovery.func4.1()\n\tE:/web2/logger/logger.go:119 +0x4d8\npanic({0xc4aa20?, 0xc0000c52d0?})\n\tC:/Users/Administrator/sdk/go1.23.1/src/runtime/panic.go:785 +0x132\ngithub.com/go-playground/validator/v10.(*Validate).parseFieldTagsRecursive(0xc0000a6770, {0xc4fd55?, 0x0?}, {0xc4fd2f, 0xa}, {0x0, 0x0}, 0x0)\n\tC:/Users/Administrator/go/pkg/mod/github.com/go-playground/validator/v10@v10.22.0/cache.go:299 +0xa48\ngithub.com/go-playground/validator/v10.(*Validate).extractStructCache(0xc0000a6770, {0xca8440?, 0xc000093f50?, 0x10?}, {0xc261fa, 0xb})\n\tC:/Users/Administrator/go/pkg/mod/github.com/go-playground/validator/v10@v10.22.0/cache.go:156 +0x5c5\ngithub.com/go-playground/validator/v10.(*validate).validateStruct(0xc0000da480, {0xdef040, 0x11af300}, {0xc3c860?, 0xc000093f50?, 0x1?}, {0xca8440?, 0xc000093f50?, 0xca8440?}, {0xdf8660, ...}, ...)\n\tC:/Users/Administrator/go/pkg/mod/github.com/go-playground/validator/v10@v10.22.0/validator.go:38 +0x17c\ngithub.com/go-playground/validator/v10.(*Validate).StructCtx(0xc0000a6770, {0xdef040, 0x11af300}, {0xc3c860, 0xc000093f50})\n\tC:/Users/Administrator/go/pkg/mod/github.com/go-playground/validator/v10@v10.22.0/validator_instance.go:395 +0x445\ngithub.com/go-playground/validator/v10.(*Validate).Struct(...)\n\tC:/Users/Administrator/go/pkg/mod/github.com/go-playground/validator/v10@v10.22.0/validator_instance.go:368\ngithub.com/gin-gonic/gin/binding.(*defaultValidator).validateStruct(0x1167570, {0xc3c860, 0xc000093f50})\n\tC:/Users/Administrator/go/pkg/mod/github.com/gin-gonic/gin@v1.10.0/binding/default_validator.go:83 +0x4b\ngithub.com/gin-gonic/gin/binding.(*defaultValidator).ValidateStruct(0x1167570, {0xc3c860, 0xc000093f50})\n\tC:/Users/Administrator/go/pkg/mod/github.com/gin-gonic/gin@v1.10.0/binding/default_validator.go:60 +0x13e\ngithub.com/gin-gonic/gin/binding.validate(...)\n\tC:/Users/Administrator/go/pkg/mod/github.com/gin-gonic/gin@v1.10.0/binding/binding.go:121\ngithub.com/gin-gonic/gin/binding.decodeJSON({0x1c4ddf4e340?, 0xc0000ae580?}, {0xc3c860, 0xc000093f50})\n\tC:/Users/Administrator/go/pkg/mod/github.com/gin-gonic/gin@v1.10.0/binding/json.go:55 +0x9c\ngithub.com/gin-gonic/gin/binding.jsonBinding.Bind({}, 0x30?, {0xc3c860?, 0xc000093f50?})\n\tC:/Users/Administrator/go/pkg/mod/github.com/gin-gonic/gin@v1.10.0/binding/json.go:37 +0x86\ngithub.com/gin-gonic/gin.(*Context).ShouldBindWith(...)\n\tC:/Users/Administrator/go/pkg/mod/github.com/gin-gonic/gin@v1.10.0/context.go:752\ngithub.com/gin-gonic/gin.(*Context).ShouldBindJSON(...)\n\tC:/Users/Administrator/go/pkg/mod/github.com/gin-gonic/gin@v1.10.0/context.go:712\nweb2/controllers.SignUpHandler(0xc0000c6200)\n\tE:/web2/controllers/user.go:17 +0x84\ngithub.com/gin-gonic/gin.(*Context).Next(0xc0000c6200)\n\tC:/Users/Administrator/go/pkg/mod/github.com/gin-gonic/gin@v1.10.0/context.go:185 +0x2b\nweb2/routes.Setup.GinRecovery.func4(0xc0002676e8?)\n\tE:/web2/logger/logger.go:130 +0x47\ngithub.com/gin-gonic/gin.(*Context).Next(0xc0000c6200)\n\tC:/Users/Administrator/go/pkg/mod/github.com/gin-gonic/gin@v1.10.0/context.go:185 +0x2b\nweb2/routes.Setup.GinLogger.func3(0xc0000c6200)\n\tE:/web2/logger/logger.go:71 +0x78\ngithub.com/gin-gonic/gin.(*Context).Next(...)\n\tC:/Users/Administrator/go/pkg/mod/github.com/gin-gonic/gin@v1.10.0/context.go:185\ngithub.com/gin-gonic/gin.(*Engine).handleHTTPRequest(0xc0000e4340, 0xc0000c6200)\n\tC:/Users/Administrator/go/pkg/mod/github.com/gin-gonic/gin@v1.10.0/gin.go:633 +0x892\ngithub.com/gin-gonic/gin.(*Engine).ServeHTTP(0xc0000e4340, {0xdee740, 0xc0000fa0e0}, 0xc000304280)\n\tC:/Users/Administrator/go/pkg/mod/github.com/gin-gonic/gin@v1.10.0/gin.go:589 +0x1b2\nnet/http.serverHandler.ServeHTTP({0xdecb70?}, {0xdee740?, 0xc0000fa0e0?}, 0x6?)\n\tC:/Users/Administrator/sdk/go1.23.1/src/net/http/server.go:3210 +0x8e\nnet/http.(*conn).serve(0xc0002d0090, {0xdef078, 0xc000290420})\n\tC:/Users/Administrator/sdk/go1.23.1/src/net/http/server.go:2092 +0x5d0\ncreated by net/http.(*Server).Serve in goroutine 50\n\tC:/Users/Administrator/sdk/go1.23.1/src/net/http/server.go:3360 +0x485\n"}
{"level":"info","ts":"2024-10-25T23:05:43.913+0800","caller":"logger/logger.go:74","msg":"/signup","status":500,"method":"POST","path":"/signup","query":"","ip":"::1","user-agent":"PostmanRuntime/7.42.0","errors":"","cost":0.0012348}
{"level":"error","ts":"2024-10-25T23:05:44.757+0800","caller":"logger/logger.go:116","msg":"[Recovery from panic]","error":"Undefined validation function 'required eqfield' on field 'RePassword'","request":"POST /signup HTTP/1.1\r\nHost: localhost:8080\r\nAccept: */*\r\nAccept-Encoding: gzip, deflate, br\r\nConnection: keep-alive\r\nContent-Length: 86\r\nContent-Type: text/plain\r\nPostman-Token: f63a099f-2569-45cd-b618-70f9eac5220d\r\nUser-Agent: PostmanRuntime/7.42.0\r\n\r\n","stack":"goroutine 38 [running]:\nruntime/debug.Stack()\n\tC:/Users/Administrator/sdk/go1.23.1/src/runtime/debug/stack.go:26 +0x5e\nweb2/routes.Setup.GinRecovery.func4.1()\n\tE:/web2/logger/logger.go:119 +0x4d8\npanic({0xc4aa20?, 0xc000238240?})\n\tC:/Users/Administrator/sdk/go1.23.1/src/runtime/panic.go:785 +0x132\ngithub.com/go-playground/validator/v10.(*Validate).parseFieldTagsRecursive(0xc0000a6770, {0xc4fd55?, 0x0?}, {0xc4fd2f, 0xa}, {0x0, 0x0}, 0x0)\n\tC:/Users/Administrator/go/pkg/mod/github.com/go-playground/validator/v10@v10.22.0/cache.go:299 +0xa48\ngithub.com/go-playground/validator/v10.(*Validate).extractStructCache(0xc0000a6770, {0xca8440?, 0xc00022c2a0?, 0x10?}, {0xc261fa, 0xb})\n\tC:/Users/Administrator/go/pkg/mod/github.com/go-playground/validator/v10@v10.22.0/cache.go:156 +0x5c5\ngithub.com/go-playground/validator/v10.(*validate).validateStruct(0xc00026e240, {0xdef040, 0x11af300}, {0xc3c860?, 0xc00022c2a0?, 0x1?}, {0xca8440?, 0xc00022c2a0?, 0xca8440?}, {0xdf8660, ...}, ...)\n\tC:/Users/Administrator/go/pkg/mod/github.com/go-playground/validator/v10@v10.22.0/validator.go:38 +0x17c\ngithub.com/go-playground/validator/v10.(*Validate).StructCtx(0xc0000a6770, {0xdef040, 0x11af300}, {0xc3c860, 0xc00022c2a0})\n\tC:/Users/Administrator/go/pkg/mod/github.com/go-playground/validator/v10@v10.22.0/validator_instance.go:395 +0x445\ngithub.com/go-playground/validator/v10.(*Validate).Struct(...)\n\tC:/Users/Administrator/go/pkg/mod/github.com/go-playground/validator/v10@v10.22.0/validator_instance.go:368\ngithub.com/gin-gonic/gin/binding.(*defaultValidator).validateStruct(0x1167570, {0xc3c860, 0xc00022c2a0})\n\tC:/Users/Administrator/go/pkg/mod/github.com/gin-gonic/gin@v1.10.0/binding/default_validator.go:83 +0x4b\ngithub.com/gin-gonic/gin/binding.(*defaultValidator).ValidateStruct(0x1167570, {0xc3c860, 0xc00022c2a0})\n\tC:/Users/Administrator/go/pkg/mod/github.com/gin-gonic/gin@v1.10.0/binding/default_validator.go:60 +0x13e\ngithub.com/gin-gonic/gin/binding.validate(...)\n\tC:/Users/Administrator/go/pkg/mod/github.com/gin-gonic/gin@v1.10.0/binding/binding.go:121\ngithub.com/gin-gonic/gin/binding.decodeJSON({0x1c4ddf4e340?, 0xc000236200?}, {0xc3c860, 0xc00022c2a0})\n\tC:/Users/Administrator/go/pkg/mod/github.com/gin-gonic/gin@v1.10.0/binding/json.go:55 +0x9c\ngithub.com/gin-gonic/gin/binding.jsonBinding.Bind({}, 0x30?, {0xc3c860?, 0xc00022c2a0?})\n\tC:/Users/Administrator/go/pkg/mod/github.com/gin-gonic/gin@v1.10.0/binding/json.go:37 +0x86\ngithub.com/gin-gonic/gin.(*Context).ShouldBindWith(...)\n\tC:/Users/Administrator/go/pkg/mod/github.com/gin-gonic/gin@v1.10.0/context.go:752\ngithub.com/gin-gonic/gin.(*Context).ShouldBindJSON(...)\n\tC:/Users/Administrator/go/pkg/mod/github.com/gin-gonic/gin@v1.10.0/context.go:712\nweb2/controllers.SignUpHandler(0xc00025e000)\n\tE:/web2/controllers/user.go:17 +0x84\ngithub.com/gin-gonic/gin.(*Context).Next(0xc00025e000)\n\tC:/Users/Administrator/go/pkg/mod/github.com/gin-gonic/gin@v1.10.0/context.go:185 +0x2b\nweb2/routes.Setup.GinRecovery.func4(0xc0002676e8?)\n\tE:/web2/logger/logger.go:130 +0x47\ngithub.com/gin-gonic/gin.(*Context).Next(0xc00025e000)\n\tC:/Users/Administrator/go/pkg/mod/github.com/gin-gonic/gin@v1.10.0/context.go:185 +0x2b\nweb2/routes.Setup.GinLogger.func3(0xc00025e000)\n\tE:/web2/logger/logger.go:71 +0x78\ngithub.com/gin-gonic/gin.(*Context).Next(...)\n\tC:/Users/Administrator/go/pkg/mod/github.com/gin-gonic/gin@v1.10.0/context.go:185\ngithub.com/gin-gonic/gin.(*Engine).handleHTTPRequest(0xc0000e4340, 0xc00025e000)\n\tC:/Users/Administrator/go/pkg/mod/github.com/gin-gonic/gin@v1.10.0/gin.go:633 +0x892\ngithub.com/gin-gonic/gin.(*Engine).ServeHTTP(0xc0000e4340, {0xdee740, 0xc00025a0e0}, 0xc000268140)\n\tC:/Users/Administrator/go/pkg/mod/github.com/gin-gonic/gin@v1.10.0/gin.go:589 +0x1b2\nnet/http.serverHandler.ServeHTTP({0xdecb70?}, {0xdee740?, 0xc00025a0e0?}, 0x6?)\n\tC:/Users/Administrator/sdk/go1.23.1/src/net/http/server.go:3210 +0x8e\nnet/http.(*conn).serve(0xc0002d0090, {0xdef078, 0xc000290420})\n\tC:/Users/Administrator/sdk/go1.23.1/src/net/http/server.go:2092 +0x5d0\ncreated by net/http.(*Server).Serve in goroutine 50\n\tC:/Users/Administrator/sdk/go1.23.1/src/net/http/server.go:3360 +0x485\n"}
{"level":"info","ts":"2024-10-25T23:05:44.757+0800","caller":"logger/logger.go:74","msg":"/signup","status":500,"method":"POST","path":"/signup","query":"","ip":"::1","user-agent":"PostmanRuntime/7.42.0","errors":"","cost":0.0002712}
{"level":"error","ts":"2024-10-25T23:05:45.599+0800","caller":"logger/logger.go:116","msg":"[Recovery from panic]","error":"Undefined validation function 'required eqfield' on field 'RePassword'","request":"POST /signup HTTP/1.1\r\nHost: localhost:8080\r\nAccept: */*\r\nAccept-Encoding: gzip, deflate, br\r\nConnection: keep-alive\r\nContent-Length: 86\r\nContent-Type: text/plain\r\nPostman-Token: 88901cd8-827b-4381-a452-c01f95e3b489\r\nUser-Agent: PostmanRuntime/7.42.0\r\n\r\n","stack":"goroutine 38 [running]:\nruntime/debug.Stack()\n\tC:/Users/Administrator/sdk/go1.23.1/src/runtime/debug/stack.go:26 +0x5e\nweb2/routes.Setup.GinRecovery.func4.1()\n\tE:/web2/logger/logger.go:119 +0x4d8\npanic({0xc4aa20?, 0xc000238350?})\n\tC:/Users/Administrator/sdk/go1.23.1/src/runtime/panic.go:785 +0x132\ngithub.com/go-playground/validator/v10.(*Validate).parseFieldTagsRecursive(0xc0000a6770, {0xc4fd55?, 0x0?}, {0xc4fd2f, 0xa}, {0x0, 0x0}, 0x0)\n\tC:/Users/Administrator/go/pkg/mod/github.com/go-playground/validator/v10@v10.22.0/cache.go:299 +0xa48\ngithub.com/go-playground/validator/v10.(*Validate).extractStructCache(0xc0000a6770, {0xca8440?, 0xc00022c3c0?, 0x10?}, {0xc261fa, 0xb})\n\tC:/Users/Administrator/go/pkg/mod/github.com/go-playground/validator/v10@v10.22.0/cache.go:156 +0x5c5\ngithub.com/go-playground/validator/v10.(*validate).validateStruct(0xc00026e360, {0xdef040, 0x11af300}, {0xc3c860?, 0xc00022c3c0?, 0x1?}, {0xca8440?, 0xc00022c3c0?, 0xca8440?}, {0xdf8660, ...}, ...)\n\tC:/Users/Administrator/go/pkg/mod/github.com/go-playground/validator/v10@v10.22.0/validator.go:38 +0x17c\ngithub.com/go-playground/validator/v10.(*Validate).StructCtx(0xc0000a6770, {0xdef040, 0x11af300}, {0xc3c860, 0xc00022c3c0})\n\tC:/Users/Administrator/go/pkg/mod/github.com/go-playground/validator/v10@v10.22.0/validator_instance.go:395 +0x445\ngithub.com/go-playground/validator/v10.(*Validate).Struct(...)\n\tC:/Users/Administrator/go/pkg/mod/github.com/go-playground/validator/v10@v10.22.0/validator_instance.go:368\ngithub.com/gin-gonic/gin/binding.(*defaultValidator).validateStruct(0x1167570, {0xc3c860, 0xc00022c3c0})\n\tC:/Users/Administrator/go/pkg/mod/github.com/gin-gonic/gin@v1.10.0/binding/default_validator.go:83 +0x4b\ngithub.com/gin-gonic/gin/binding.(*defaultValidator).ValidateStruct(0x1167570, {0xc3c860, 0xc00022c3c0})\n\tC:/Users/Administrator/go/pkg/mod/github.com/gin-gonic/gin@v1.10.0/binding/default_validator.go:60 +0x13e\ngithub.com/gin-gonic/gin/binding.validate(...)\n\tC:/Users/Administrator/go/pkg/mod/github.com/gin-gonic/gin@v1.10.0/binding/binding.go:121\ngithub.com/gin-gonic/gin/binding.decodeJSON({0x1c4ddf4e340?, 0xc0002362c0?}, {0xc3c860, 0xc00022c3c0})\n\tC:/Users/Administrator/go/pkg/mod/github.com/gin-gonic/gin@v1.10.0/binding/json.go:55 +0x9c\ngithub.com/gin-gonic/gin/binding.jsonBinding.Bind({}, 0x30?, {0xc3c860?, 0xc00022c3c0?})\n\tC:/Users/Administrator/go/pkg/mod/github.com/gin-gonic/gin@v1.10.0/binding/json.go:37 +0x86\ngithub.com/gin-gonic/gin.(*Context).ShouldBindWith(...)\n\tC:/Users/Administrator/go/pkg/mod/github.com/gin-gonic/gin@v1.10.0/context.go:752\ngithub.com/gin-gonic/gin.(*Context).ShouldBindJSON(...)\n\tC:/Users/Administrator/go/pkg/mod/github.com/gin-gonic/gin@v1.10.0/context.go:712\nweb2/controllers.SignUpHandler(0xc00025e000)\n\tE:/web2/controllers/user.go:17 +0x84\ngithub.com/gin-gonic/gin.(*Context).Next(0xc00025e000)\n\tC:/Users/Administrator/go/pkg/mod/github.com/gin-gonic/gin@v1.10.0/context.go:185 +0x2b\nweb2/routes.Setup.GinRecovery.func4(0xc0002676e8?)\n\tE:/web2/logger/logger.go:130 +0x47\ngithub.com/gin-gonic/gin.(*Context).Next(0xc00025e000)\n\tC:/Users/Administrator/go/pkg/mod/github.com/gin-gonic/gin@v1.10.0/context.go:185 +0x2b\nweb2/routes.Setup.GinLogger.func3(0xc00025e000)\n\tE:/web2/logger/logger.go:71 +0x78\ngithub.com/gin-gonic/gin.(*Context).Next(...)\n\tC:/Users/Administrator/go/pkg/mod/github.com/gin-gonic/gin@v1.10.0/context.go:185\ngithub.com/gin-gonic/gin.(*Engine).handleHTTPRequest(0xc0000e4340, 0xc00025e000)\n\tC:/Users/Administrator/go/pkg/mod/github.com/gin-gonic/gin@v1.10.0/gin.go:633 +0x892\ngithub.com/gin-gonic/gin.(*Engine).ServeHTTP(0xc0000e4340, {0xdee740, 0xc00025a1c0}, 0xc0002683c0)\n\tC:/Users/Administrator/go/pkg/mod/github.com/gin-gonic/gin@v1.10.0/gin.go:589 +0x1b2\nnet/http.serverHandler.ServeHTTP({0xdecb70?}, {0xdee740?, 0xc00025a1c0?}, 0x6?)\n\tC:/Users/Administrator/sdk/go1.23.1/src/net/http/server.go:3210 +0x8e\nnet/http.(*conn).serve(0xc0002d0090, {0xdef078, 0xc000290420})\n\tC:/Users/Administrator/sdk/go1.23.1/src/net/http/server.go:2092 +0x5d0\ncreated by net/http.(*Server).Serve in goroutine 50\n\tC:/Users/Administrator/sdk/go1.23.1/src/net/http/server.go:3360 +0x485\n"}
{"level":"info","ts":"2024-10-25T23:05:45.599+0800","caller":"logger/logger.go:74","msg":"/signup","status":500,"method":"POST","path":"/signup","query":"","ip":"::1","user-agent":"PostmanRuntime/7.42.0","errors":"","cost":0.0008038}
{"level":"error","ts":"2024-10-25T23:05:46.958+0800","caller":"logger/logger.go:116","msg":"[Recovery from panic]","error":"Undefined validation function 'required eqfield' on field 'RePassword'","request":"POST /signup HTTP/1.1\r\nHost: localhost:8080\r\nAccept: */*\r\nAccept-Encoding: gzip, deflate, br\r\nConnection: keep-alive\r\nContent-Length: 86\r\nContent-Type: text/plain\r\nPostman-Token: c5a1b8d1-fbc3-45e6-87ed-571a62e6aa16\r\nUser-Agent: PostmanRuntime/7.42.0\r\n\r\n","stack":"goroutine 38 [running]:\nruntime/debug.Stack()\n\tC:/Users/Administrator/sdk/go1.23.1/src/runtime/debug/stack.go:26 +0x5e\nweb2/routes.Setup.GinRecovery.func4.1()\n\tE:/web2/logger/logger.go:119 +0x4d8\npanic({0xc4aa20?, 0xc000238460?})\n\tC:/Users/Administrator/sdk/go1.23.1/src/runtime/panic.go:785 +0x132\ngithub.com/go-playground/validator/v10.(*Validate).parseFieldTagsRecursive(0xc0000a6770, {0xc4fd55?, 0x0?}, {0xc4fd2f, 0xa}, {0x0, 0x0}, 0x0)\n\tC:/Users/Administrator/go/pkg/mod/github.com/go-playground/validator/v10@v10.22.0/cache.go:299 +0xa48\ngithub.com/go-playground/validator/v10.(*Validate).extractStructCache(0xc0000a6770, {0xca8440?, 0xc00022c4e0?, 0x10?}, {0xc261fa, 0xb})\n\tC:/Users/Administrator/go/pkg/mod/github.com/go-playground/validator/v10@v10.22.0/cache.go:156 +0x5c5\ngithub.com/go-playground/validator/v10.(*validate).validateStruct(0xc00026e480, {0xdef040, 0x11af300}, {0xc3c860?, 0xc00022c4e0?, 0x1?}, {0xca8440?, 0xc00022c4e0?, 0xca8440?}, {0xdf8660, ...}, ...)\n\tC:/Users/Administrator/go/pkg/mod/github.com/go-playground/validator/v10@v10.22.0/validator.go:38 +0x17c\ngithub.com/go-playground/validator/v10.(*Validate).StructCtx(0xc0000a6770, {0xdef040, 0x11af300}, {0xc3c860, 0xc00022c4e0})\n\tC:/Users/Administrator/go/pkg/mod/github.com/go-playground/validator/v10@v10.22.0/validator_instance.go:395 +0x445\ngithub.com/go-playground/validator/v10.(*Validate).Struct(...)\n\tC:/Users/Administrator/go/pkg/mod/github.com/go-playground/validator/v10@v10.22.0/validator_instance.go:368\ngithub.com/gin-gonic/gin/binding.(*defaultValidator).validateStruct(0x1167570, {0xc3c860, 0xc00022c4e0})\n\tC:/Users/Administrator/go/pkg/mod/github.com/gin-gonic/gin@v1.10.0/binding/default_validator.go:83 +0x4b\ngithub.com/gin-gonic/gin/binding.(*defaultValidator).ValidateStruct(0x1167570, {0xc3c860, 0xc00022c4e0})\n\tC:/Users/Administrator/go/pkg/mod/github.com/gin-gonic/gin@v1.10.0/binding/default_validator.go:60 +0x13e\ngithub.com/gin-gonic/gin/binding.validate(...)\n\tC:/Users/Administrator/go/pkg/mod/github.com/gin-gonic/gin@v1.10.0/binding/binding.go:121\ngithub.com/gin-gonic/gin/binding.decodeJSON({0x1c4ddf4e340?, 0xc000236380?}, {0xc3c860, 0xc00022c4e0})\n\tC:/Users/Administrator/go/pkg/mod/github.com/gin-gonic/gin@v1.10.0/binding/json.go:55 +0x9c\ngithub.com/gin-gonic/gin/binding.jsonBinding.Bind({}, 0x30?, {0xc3c860?, 0xc00022c4e0?})\n\tC:/Users/Administrator/go/pkg/mod/github.com/gin-gonic/gin@v1.10.0/binding/json.go:37 +0x86\ngithub.com/gin-gonic/gin.(*Context).ShouldBindWith(...)\n\tC:/Users/Administrator/go/pkg/mod/github.com/gin-gonic/gin@v1.10.0/context.go:752\ngithub.com/gin-gonic/gin.(*Context).ShouldBindJSON(...)\n\tC:/Users/Administrator/go/pkg/mod/github.com/gin-gonic/gin@v1.10.0/context.go:712\nweb2/controllers.SignUpHandler(0xc00025e000)\n\tE:/web2/controllers/user.go:17 +0x84\ngithub.com/gin-gonic/gin.(*Context).Next(0xc00025e000)\n\tC:/Users/Administrator/go/pkg/mod/github.com/gin-gonic/gin@v1.10.0/context.go:185 +0x2b\nweb2/routes.Setup.GinRecovery.func4(0xc0002676e8?)\n\tE:/web2/logger/logger.go:130 +0x47\ngithub.com/gin-gonic/gin.(*Context).Next(0xc00025e000)\n\tC:/Users/Administrator/go/pkg/mod/github.com/gin-gonic/gin@v1.10.0/context.go:185 +0x2b\nweb2/routes.Setup.GinLogger.func3(0xc00025e000)\n\tE:/web2/logger/logger.go:71 +0x78\ngithub.com/gin-gonic/gin.(*Context).Next(...)\n\tC:/Users/Administrator/go/pkg/mod/github.com/gin-gonic/gin@v1.10.0/context.go:185\ngithub.com/gin-gonic/gin.(*Engine).handleHTTPRequest(0xc0000e4340, 0xc00025e000)\n\tC:/Users/Administrator/go/pkg/mod/github.com/gin-gonic/gin@v1.10.0/gin.go:633 +0x892\ngithub.com/gin-gonic/gin.(*Engine).ServeHTTP(0xc0000e4340, {0xdee740, 0xc00025a2a0}, 0xc000268640)\n\tC:/Users/Administrator/go/pkg/mod/github.com/gin-gonic/gin@v1.10.0/gin.go:589 +0x1b2\nnet/http.serverHandler.ServeHTTP({0xdecb70?}, {0xdee740?, 0xc00025a2a0?}, 0x6?)\n\tC:/Users/Administrator/sdk/go1.23.1/src/net/http/server.go:3210 +0x8e\nnet/http.(*conn).serve(0xc0002d0090, {0xdef078, 0xc000290420})\n\tC:/Users/Administrator/sdk/go1.23.1/src/net/http/server.go:2092 +0x5d0\ncreated by net/http.(*Server).Serve in goroutine 50\n\tC:/Users/Administrator/sdk/go1.23.1/src/net/http/server.go:3360 +0x485\n"}
{"level":"info","ts":"2024-10-25T23:05:46.958+0800","caller":"logger/logger.go:74","msg":"/signup","status":500,"method":"POST","path":"/signup","query":"","ip":"::1","user-agent":"PostmanRuntime/7.42.0","errors":"","cost":0.0002711}
{"level":"info","ts":"2024-10-25T23:08:42.079+0800","caller":"web2/main.go:100","msg":"Shutdown Server ..."}
{"level":"info","ts":"2024-10-25T23:08:42.085+0800","caller":"web2/main.go:109","msg":"Server exiting"}
{"level":"debug","ts":"2024-10-25T23:08:46.632+0800","caller":"web2/main.go:47","msg":"logger init success"}
{"level":"error","ts":"2024-10-25T23:08:49.412+0800","caller":"controllers/user.go:18","msg":"Signup with invalid param","error":"Key: 'ParamSignUp.repassword' Error:Field validation for 'repassword' failed on the 'required' tag"}
{"level":"info","ts":"2024-10-25T23:08:49.413+0800","caller":"logger/logger.go:74","msg":"/signup","status":200,"method":"POST","path":"/signup","query":"","ip":"::1","user-agent":"PostmanRuntime/7.42.0","errors":"","cost":0}
{"level":"error","ts":"2024-10-25T23:08:59.700+0800","caller":"controllers/user.go:18","msg":"Signup with invalid param","error":"Key: 'ParamSignUp.repassword' Error:Field validation for 'repassword' failed on the 'eqfield' tag"}
{"level":"info","ts":"2024-10-25T23:08:59.700+0800","caller":"logger/logger.go:74","msg":"/signup","status":200,"method":"POST","path":"/signup","query":"","ip":"::1","user-agent":"PostmanRuntime/7.42.0","errors":"","cost":0.0001123}
{"level":"info","ts":"2024-10-25T23:09:14.093+0800","caller":"logger/logger.go:74","msg":"/signup","status":200,"method":"POST","path":"/signup","query":"","ip":"::1","user-agent":"PostmanRuntime/7.42.0","errors":"","cost":0.0089068}
{"level":"info","ts":"2024-10-25T23:09:16.023+0800","caller":"logger/logger.go:74","msg":"/signup","status":200,"method":"POST","path":"/signup","query":"","ip":"::1","user-agent":"PostmanRuntime/7.42.0","errors":"","cost":0.0005292}
{"level":"info","ts":"2024-10-25T23:09:17.477+0800","caller":"logger/logger.go:74","msg":"/signup","status":200,"method":"POST","path":"/signup","query":"","ip":"::1","user-agent":"PostmanRuntime/7.42.0","errors":"","cost":0.0005295}
{"level":"info","ts":"2024-10-25T23:09:19.225+0800","caller":"logger/logger.go:74","msg":"/signup","status":200,"method":"POST","path":"/signup","query":"","ip":"::1","user-agent":"PostmanRuntime/7.42.0","errors":"","cost":0.0021877}
{"level":"info","ts":"2024-10-25T23:11:38.835+0800","caller":"web2/main.go:100","msg":"Shutdown Server ..."}
{"level":"info","ts":"2024-10-25T23:11:38.835+0800","caller":"web2/main.go:109","msg":"Server exiting"}
{"level":"debug","ts":"2024-10-25T23:11:43.945+0800","caller":"web2/main.go:47","msg":"logger init success"}
{"level":"info","ts":"2024-10-25T23:11:46.534+0800","caller":"logger/logger.go:74","msg":"/signup","status":200,"method":"POST","path":"/signup","query":"","ip":"::1","user-agent":"PostmanRuntime/7.42.0","errors":"","cost":0.0059443}
{"level":"info","ts":"2024-10-25T23:11:48.673+0800","caller":"logger/logger.go:74","msg":"/signup","status":200,"method":"POST","path":"/signup","query":"","ip":"::1","user-agent":"PostmanRuntime/7.42.0","errors":"","cost":0.0005297}
{"level":"info","ts":"2024-10-25T23:13:49.337+0800","caller":"web2/main.go:100","msg":"Shutdown Server ..."}
{"level":"info","ts":"2024-10-25T23:13:49.337+0800","caller":"web2/main.go:109","msg":"Server exiting"}
{"level":"debug","ts":"2024-10-25T23:13:51.823+0800","caller":"web2/main.go:47","msg":"logger init success"}
{"level":"info","ts":"2024-10-25T23:13:54.664+0800","caller":"logger/logger.go:74","msg":"/signup","status":200,"method":"POST","path":"/signup","query":"","ip":"::1","user-agent":"PostmanRuntime/7.42.0","errors":"","cost":0.0051134}
{"level":"info","ts":"2024-10-25T23:13:55.511+0800","caller":"logger/logger.go:74","msg":"/signup","status":200,"method":"POST","path":"/signup","query":"","ip":"::1","user-agent":"PostmanRuntime/7.42.0","errors":"","cost":0.0010358}
{"level":"info","ts":"2024-10-25T23:13:56.448+0800","caller":"logger/logger.go:74","msg":"/signup","status":200,"method":"POST","path":"/signup","query":"","ip":"::1","user-agent":"PostmanRuntime/7.42.0","errors":"","cost":0.0015299}
{"level":"info","ts":"2024-10-25T23:20:05.056+0800","caller":"web2/main.go:100","msg":"Shutdown Server ..."}
{"level":"info","ts":"2024-10-25T23:20:05.056+0800","caller":"web2/main.go:109","msg":"Server exiting"}
{"level":"debug","ts":"2024-10-25T23:30:41.656+0800","caller":"web2/main.go:47","msg":"logger init success"}
{"level":"info","ts":"2024-10-25T23:30:48.194+0800","caller":"logger/logger.go:74","msg":"/signup","status":200,"method":"POST","path":"/signup","query":"","ip":"::1","user-agent":"PostmanRuntime/7.42.0","errors":"","cost":0.0032345}
{"level":"info","ts":"2024-10-25T23:31:34.387+0800","caller":"web2/main.go:100","msg":"Shutdown Server ..."}
{"level":"info","ts":"2024-10-25T23:31:34.389+0800","caller":"web2/main.go:109","msg":"Server exiting"}
{"level":"debug","ts":"2024-10-25T23:31:37.884+0800","caller":"web2/main.go:47","msg":"logger init success"}
{"level":"info","ts":"2024-10-25T23:31:41.871+0800","caller":"logger/logger.go:74","msg":"/signup","status":200,"method":"POST","path":"/signup","query":"","ip":"::1","user-agent":"PostmanRuntime/7.42.0","errors":"","cost":0.0028512}
{"level":"info","ts":"2024-10-25T23:32:27.019+0800","caller":"logger/logger.go:74","msg":"/signup","status":200,"method":"POST","path":"/signup","query":"","ip":"::1","user-agent":"PostmanRuntime/7.42.0","errors":"","cost":0.000617}
{"level":"info","ts":"2024-10-25T23:32:57.237+0800","caller":"web2/main.go:100","msg":"Shutdown Server ..."}
{"level":"info","ts":"2024-10-25T23:32:57.237+0800","caller":"web2/main.go:109","msg":"Server exiting"}
{"level":"debug","ts":"2024-10-25T23:33:01.042+0800","caller":"web2/main.go:47","msg":"logger init success"}
{"level":"info","ts":"2024-10-25T23:33:03.746+0800","caller":"logger/logger.go:74","msg":"/signup","status":200,"method":"POST","path":"/signup","query":"","ip":"::1","user-agent":"PostmanRuntime/7.42.0","errors":"","cost":0.004595}
{"level":"info","ts":"2024-10-25T23:34:02.251+0800","caller":"web2/main.go:100","msg":"Shutdown Server ..."}
{"level":"info","ts":"2024-10-25T23:34:02.252+0800","caller":"web2/main.go:109","msg":"Server exiting"}
{"level":"debug","ts":"2024-10-25T23:34:04.629+0800","caller":"web2/main.go:47","msg":"logger init success"}
{"level":"info","ts":"2024-10-25T23:34:06.711+0800","caller":"logger/logger.go:74","msg":"/signup","status":200,"method":"POST","path":"/signup","query":"","ip":"::1","user-agent":"PostmanRuntime/7.42.0","errors":"","cost":0.0032882}
{"level":"info","ts":"2024-10-25T23:34:09.974+0800","caller":"logger/logger.go:74","msg":"/signup","status":200,"method":"POST","path":"/signup","query":"","ip":"::1","user-agent":"PostmanRuntime/7.42.0","errors":"","cost":0.004851}
{"level":"info","ts":"2024-10-25T23:34:47.811+0800","caller":"web2/main.go:100","msg":"Shutdown Server ..."}
{"level":"info","ts":"2024-10-25T23:34:47.811+0800","caller":"web2/main.go:109","msg":"Server exiting"}
{"level":"debug","ts":"2024-10-25T23:34:52.188+0800","caller":"web2/main.go:47","msg":"logger init success"}
{"level":"info","ts":"2024-10-25T23:34:53.378+0800","caller":"logger/logger.go:74","msg":"/signup","status":200,"method":"POST","path":"/signup","query":"","ip":"::1","user-agent":"PostmanRuntime/7.42.0","errors":"","cost":0.0025881}
{"level":"info","ts":"2024-10-25T23:35:24.084+0800","caller":"web2/main.go:100","msg":"Shutdown Server ..."}
{"level":"info","ts":"2024-10-25T23:35:24.085+0800","caller":"web2/main.go:109","msg":"Server exiting"}
{"level":"debug","ts":"2024-10-25T23:35:28.244+0800","caller":"web2/main.go:47","msg":"logger init success"}
{"level":"info","ts":"2024-10-25T23:35:31.409+0800","caller":"logger/logger.go:74","msg":"/signup","status":200,"method":"POST","path":"/signup","query":"","ip":"::1","user-agent":"PostmanRuntime/7.42.0","errors":"","cost":0.0016703}
{"level":"info","ts":"2024-10-25T23:35:46.396+0800","caller":"web2/main.go:100","msg":"Shutdown Server ..."}
{"level":"info","ts":"2024-10-25T23:35:46.397+0800","caller":"web2/main.go:109","msg":"Server exiting"}
{"level":"debug","ts":"2024-10-25T23:35:50.256+0800","caller":"web2/main.go:47","msg":"logger init success"}
{"level":"info","ts":"2024-10-25T23:35:52.263+0800","caller":"logger/logger.go:74","msg":"/signup","status":200,"method":"POST","path":"/signup","query":"","ip":"::1","user-agent":"PostmanRuntime/7.42.0","errors":"","cost":0.0009513}
{"level":"info","ts":"2024-10-25T23:36:31.108+0800","caller":"web2/main.go:100","msg":"Shutdown Server ..."}
{"level":"info","ts":"2024-10-25T23:36:31.108+0800","caller":"web2/main.go:109","msg":"Server exiting"}
{"level":"debug","ts":"2024-10-25T23:36:34.963+0800","caller":"web2/main.go:47","msg":"logger init success"}
{"level":"error","ts":"2024-10-25T23:36:44.279+0800","caller":"controllers/user.go:44","msg":"signup failed err:","error":""}
{"level":"info","ts":"2024-10-25T23:36:44.279+0800","caller":"logger/logger.go:74","msg":"/signup","status":200,"method":"POST","path":"/signup","query":"","ip":"::1","user-agent":"PostmanRuntime/7.42.0","errors":"","cost":0.0016173}
{"level":"info","ts":"2024-10-25T23:37:18.486+0800","caller":"web2/main.go:100","msg":"Shutdown Server ..."}
{"level":"info","ts":"2024-10-25T23:37:18.486+0800","caller":"web2/main.go:109","msg":"Server exiting"}
{"level":"debug","ts":"2024-10-27T12:06:33.767+0800","caller":"web2/main.go:47","msg":"logger init success"}
{"level":"error","ts":"2024-10-27T12:06:50.486+0800","caller":"controllers/user.go:44","msg":"signup failed err:","error":""}
{"level":"info","ts":"2024-10-27T12:06:50.490+0800","caller":"logger/logger.go:87","msg":"/signup","status":200,"method":"POST","path":"/signup","query":"","ip":"::1","user-agent":"PostmanRuntime/7.42.0","errors":"","cost":0.0309939}
{"level":"info","ts":"2024-10-27T12:09:32.032+0800","caller":"web2/main.go:100","msg":"Shutdown Server ..."}
{"level":"info","ts":"2024-10-27T12:09:32.032+0800","caller":"web2/main.go:109","msg":"Server exiting"}
{"level":"debug","ts":"2024-10-27T12:09:37.927+0800","caller":"web2/main.go:47","msg":"logger init success"}
{"level":"info","ts":"2024-10-27T12:12:54.987+0800","caller":"web2/main.go:100","msg":"Shutdown Server ..."}
{"level":"info","ts":"2024-10-27T12:12:54.990+0800","caller":"web2/main.go:109","msg":"Server exiting"}
{"level":"debug","ts":"2024-10-27T12:13:01.612+0800","caller":"web2/main.go:47","msg":"logger init success"}
{"level":"info","ts":"2024-10-27T12:13:03.709+0800","caller":"web2/main.go:100","msg":"Shutdown Server ..."}
{"level":"info","ts":"2024-10-27T12:13:03.709+0800","caller":"web2/main.go:109","msg":"Server exiting"}
{"level":"debug","ts":"2024-10-27T12:13:41.467+0800","caller":"web2/main.go:47","msg":"logger init success"}
{"level":"info","ts":"2024-10-27T12:13:50.651+0800","caller":"web2/main.go:100","msg":"Shutdown Server ..."}
{"level":"info","ts":"2024-10-27T12:13:50.651+0800","caller":"web2/main.go:109","msg":"Server exiting"}
{"level":"debug","ts":"2024-10-27T12:15:36.185+0800","caller":"web2/main.go:47","msg":"logger init success"}
{"level":"info","ts":"2024-10-27T12:15:39.820+0800","caller":"web2/main.go:100","msg":"Shutdown Server ..."}
{"level":"info","ts":"2024-10-27T12:15:39.820+0800","caller":"web2/main.go:109","msg":"Server exiting"}
{"level":"debug","ts":"2024-10-27T23:15:58.088+0800","caller":"web2/main.go:47","msg":"logger init success"}
{"level":"info","ts":"2024-10-27T23:16:14.933+0800","caller":"logger/logger.go:87","msg":"/login","status":200,"method":"POST","path":"/login","query":"","ip":"::1","user-agent":"PostmanRuntime/7.42.0","errors":"","cost":0.0028603}
{"level":"error","ts":"2024-10-27T23:16:19.436+0800","caller":"controllers/user.go:60","msg":"Login with invalid param","error":"invalid character '}' looking for beginning of object key string"}
{"level":"info","ts":"2024-10-27T23:16:19.436+0800","caller":"logger/logger.go:87","msg":"/login","status":200,"method":"POST","path":"/login","query":"","ip":"::1","user-agent":"PostmanRuntime/7.42.0","errors":"","cost":0}
{"level":"info","ts":"2024-10-27T23:17:15.478+0800","caller":"logger/logger.go:87","msg":"/login","status":200,"method":"POST","path":"/login","query":"","ip":"::1","user-agent":"PostmanRuntime/7.42.0","errors":"","cost":0.0025027}
{"level":"error","ts":"2024-10-27T23:17:20.086+0800","caller":"controllers/user.go:76","msg":"Login failed err:","username:":"","error":""}
{"level":"info","ts":"2024-10-27T23:17:20.087+0800","caller":"logger/logger.go:87","msg":"/login","status":200,"method":"POST","path":"/login","query":"","ip":"::1","user-agent":"PostmanRuntime/7.42.0","errors":"","cost":0.0063352}
{"level":"info","ts":"2024-10-27T23:18:00.786+0800","caller":"web2/main.go:100","msg":"Shutdown Server ..."}
{"level":"info","ts":"2024-10-27T23:18:00.786+0800","caller":"web2/main.go:109","msg":"Server exiting"}
{"level":"debug","ts":"2024-10-29T11:29:04.662+0800","caller":"web2/main.go:47","msg":"logger init success"}
{"level":"info","ts":"2024-10-29T11:29:07.650+0800","caller":"web2/main.go:100","msg":"Shutdown Server ..."}
{"level":"info","ts":"2024-10-29T11:29:07.653+0800","caller":"web2/main.go:109","msg":"Server exiting"}
{"level":"debug","ts":"2024-10-29T11:30:23.049+0800","caller":"web2/main.go:47","msg":"logger init success"}
{"level":"error","ts":"2024-10-29T11:30:47.691+0800","caller":"controllers/user.go:75","msg":"Login failed err:","username:":"","error":""}
{"level":"info","ts":"2024-10-29T11:30:47.691+0800","caller":"logger/logger.go:87","msg":"/login","status":200,"method":"POST","path":"/login","query":"","ip":"::1","user-agent":"PostmanRuntime/7.42.0","errors":"","cost":0.0034995}
{"level":"error","ts":"2024-10-29T11:31:07.692+0800","caller":"controllers/user.go:75","msg":"Login failed err:","username:":"","error":""}
{"level":"info","ts":"2024-10-29T11:31:07.693+0800","caller":"logger/logger.go:87","msg":"/login","status":200,"method":"POST","path":"/login","query":"","ip":"::1","user-agent":"PostmanRuntime/7.42.0","errors":"","cost":0.0009239}
{"level":"info","ts":"2024-10-29T11:31:28.864+0800","caller":"logger/logger.go:87","msg":"/login","status":200,"method":"POST","path":"/login","query":"","ip":"::1","user-agent":"PostmanRuntime/7.42.0","errors":"","cost":0.0104823}
{"level":"info","ts":"2024-10-29T11:31:55.178+0800","caller":"web2/main.go:100","msg":"Shutdown Server ..."}
{"level":"info","ts":"2024-10-29T11:31:55.179+0800","caller":"web2/main.go:109","msg":"Server exiting"}
{"level":"debug","ts":"2024-10-29T11:32:06.302+0800","caller":"web2/main.go:47","msg":"logger init success"}
{"level":"info","ts":"2024-10-29T11:32:10.851+0800","caller":"logger/logger.go:87","msg":"/login","status":200,"method":"POST","path":"/login","query":"","ip":"::1","user-agent":"PostmanRuntime/7.42.0","errors":"","cost":0.0038774}
{"level":"info","ts":"2024-10-29T11:33:24.324+0800","caller":"web2/main.go:100","msg":"Shutdown Server ..."}
{"level":"info","ts":"2024-10-29T11:33:24.325+0800","caller":"web2/main.go:109","msg":"Server exiting"}
{"level":"debug","ts":"2024-10-29T16:33:13.437+0800","caller":"web2/main.go:47","msg":"logger init success"}
{"level":"info","ts":"2024-10-29T16:46:41.472+0800","caller":"web2/main.go:100","msg":"Shutdown Server ..."}
{"level":"info","ts":"2024-10-29T16:46:41.475+0800","caller":"web2/main.go:109","msg":"Server exiting"}
{"level":"debug","ts":"2024-10-30T16:27:01.521+0800","caller":"web2/main.go:47","msg":"logger init success"}
{"level":"info","ts":"2024-10-30T16:28:07.146+0800","caller":"logger/logger.go:87","msg":"/api/v1/community","status":200,"method":"POST","path":"/api/v1/community","query":"","ip":"::1","user-agent":"PostmanRuntime/7.42.0","errors":"","cost":0}
{"level":"info","ts":"2024-10-30T16:28:18.576+0800","caller":"logger/logger.go:87","msg":"/api/v1/community","status":200,"method":"GET","path":"/api/v1/community","query":"","ip":"::1","user-agent":"PostmanRuntime/7.42.0","errors":"","cost":0}
{"level":"info","ts":"2024-10-30T16:28:31.524+0800","caller":"logger/logger.go:87","msg":"/api/v1/login","status":200,"method":"POST","path":"/api/v1/login","query":"","ip":"::1","user-agent":"PostmanRuntime/7.42.0","errors":"","cost":0.0055391}
{"level":"info","ts":"2024-10-30T16:28:52.172+0800","caller":"logger/logger.go:87","msg":"/api/v1/community","status":200,"method":"GET","path":"/api/v1/community","query":"","ip":"::1","user-agent":"PostmanRuntime/7.42.0","errors":"","cost":0.0050076}
{"level":"info","ts":"2024-10-30T16:33:01.468+0800","caller":"logger/logger.go:87","msg":"/api/v1/community","status":200,"method":"GET","path":"/api/v1/community","query":"","ip":"::1","user-agent":"PostmanRuntime/7.42.0","errors":"","cost":0.0007835}
{"level":"info","ts":"2024-10-30T16:47:37.156+0800","caller":"web2/main.go:100","msg":"Shutdown Server ..."}
{"level":"info","ts":"2024-10-30T16:47:37.156+0800","caller":"web2/main.go:109","msg":"Server exiting"}
{"level":"debug","ts":"2024-10-30T18:55:03.192+0800","caller":"web2/main.go:47","msg":"logger init success"}
{"level":"info","ts":"2024-10-30T18:55:18.398+0800","caller":"logger/logger.go:87","msg":"/api/v1/community/1","status":200,"method":"GET","path":"/api/v1/community/1","query":"","ip":"::1","user-agent":"PostmanRuntime/7.42.0","errors":"","cost":0.0019808}
{"level":"info","ts":"2024-10-30T18:57:45.210+0800","caller":"logger/logger.go:87","msg":"/api/v1/community/2","status":200,"method":"GET","path":"/api/v1/community/2","query":"","ip":"::1","user-agent":"PostmanRuntime/7.42.0","errors":"","cost":0.0025023}
{"level":"info","ts":"2024-10-30T19:21:50.115+0800","caller":"web2/main.go:100","msg":"Shutdown Server ..."}
{"level":"info","ts":"2024-10-30T19:21:50.118+0800","caller":"web2/main.go:109","msg":"Server exiting"}
{"level":"debug","ts":"2024-10-30T19:24:01.346+0800","caller":"web2/main.go:47","msg":"logger init success"}
{"level":"info","ts":"2024-10-30T19:24:06.864+0800","caller":"logger/logger.go:87","msg":"/api/v1/community/6","status":200,"method":"GET","path":"/api/v1/community/6","query":"","ip":"::1","user-agent":"PostmanRuntime/7.42.0","errors":"","cost":0.0015166}
{"level":"info","ts":"2024-10-30T19:24:11.228+0800","caller":"logger/logger.go:87","msg":"/api/v1/community/6","status":200,"method":"GET","path":"/api/v1/community/6","query":"","ip":"::1","user-agent":"PostmanRuntime/7.42.0","errors":"","cost":0.0019961}
{"level":"info","ts":"2024-10-30T19:24:16.258+0800","caller":"logger/logger.go:87","msg":"/api/v1/community/asd","status":200,"method":"GET","path":"/api/v1/community/asd","query":"","ip":"::1","user-agent":"PostmanRuntime/7.42.0","errors":"","cost":0.0005219}
{"level":"info","ts":"2024-10-30T19:25:14.282+0800","caller":"web2/main.go:100","msg":"Shutdown Server ..."}
{"level":"info","ts":"2024-10-30T19:25:14.282+0800","caller":"web2/main.go:109","msg":"Server exiting"}
{"level":"debug","ts":"2024-10-30T19:25:18.157+0800","caller":"web2/main.go:47","msg":"logger init success"}
{"level":"info","ts":"2024-10-30T19:25:21.621+0800","caller":"logger/logger.go:87","msg":"/api/v1/community/asd","status":200,"method":"GET","path":"/api/v1/community/asd","query":"","ip":"::1","user-agent":"PostmanRuntime/7.42.0","errors":"","cost":0.0025019}
{"level":"info","ts":"2024-10-30T19:25:26.858+0800","caller":"logger/logger.go:87","msg":"/api/v1/community/6","status":200,"method":"GET","path":"/api/v1/community/6","query":"","ip":"::1","user-agent":"PostmanRuntime/7.42.0","errors":"","cost":0.0043884}
{"level":"info","ts":"2024-10-30T19:25:30.865+0800","caller":"logger/logger.go:87","msg":"/api/v1/community/2","status":200,"method":"GET","path":"/api/v1/community/2","query":"","ip":"::1","user-agent":"PostmanRuntime/7.42.0","errors":"","cost":0.0006371}
{"level":"info","ts":"2024-10-30T19:36:42.603+0800","caller":"web2/main.go:100","msg":"Shutdown Server ..."}
{"level":"info","ts":"2024-10-30T19:36:42.604+0800","caller":"web2/main.go:109","msg":"Server exiting"}
{"level":"debug","ts":"2024-10-30T20:32:30.706+0800","caller":"web2/main.go:47","msg":"logger init success"}
{"level":"info","ts":"2024-10-30T20:33:35.028+0800","caller":"logger/logger.go:87","msg":"/api/v1/post","status":200,"method":"POST","path":"/api/v1/post","query":"","ip":"::1","user-agent":"PostmanRuntime/7.42.0","errors":"","cost":0}
{"level":"info","ts":"2024-10-30T20:35:14.811+0800","caller":"web2/main.go:100","msg":"Shutdown Server ..."}
{"level":"info","ts":"2024-10-30T20:35:14.814+0800","caller":"web2/main.go:109","msg":"Server exiting"}
{"level":"debug","ts":"2024-10-30T20:35:20.525+0800","caller":"web2/main.go:47","msg":"logger init success"}
{"level":"debug","ts":"2024-10-30T20:35:25.648+0800","caller":"controllers/post.go:14","msg":" c.ShouldBindJSON(p) error","err":"invalid character '}' looking for beginning of object key string"}
{"level":"error","ts":"2024-10-30T20:35:25.648+0800","caller":"controllers/post.go:15","msg":"create post with invalid param"}
{"level":"info","ts":"2024-10-30T20:35:25.648+0800","caller":"logger/logger.go:87","msg":"/api/v1/post","status":200,"method":"POST","path":"/api/v1/post","query":"","ip":"::1","user-agent":"PostmanRuntime/7.42.0","errors":"","cost":0}
{"level":"debug","ts":"2024-10-30T20:35:48.338+0800","caller":"controllers/post.go:14","msg":" c.ShouldBindJSON(p) error","err":"Key: 'Post.author_id' Error:Field validation for 'author_id' failed on the 'required' tag\nKey: 'Post.community_id' Error:Field validation for 'community_id' failed on the 'required' tag"}
{"level":"error","ts":"2024-10-30T20:35:48.338+0800","caller":"controllers/post.go:15","msg":"create post with invalid param"}
{"level":"info","ts":"2024-10-30T20:35:48.338+0800","caller":"logger/logger.go:87","msg":"/api/v1/post","status":200,"method":"POST","path":"/api/v1/post","query":"","ip":"::1","user-agent":"PostmanRuntime/7.42.0","errors":"","cost":0.0039874}
{"level":"debug","ts":"2024-10-30T20:36:23.789+0800","caller":"controllers/post.go:14","msg":" c.ShouldBindJSON(p) error","err":"json: cannot unmarshal string into Go struct field Post.community_id of type int64"}
{"level":"error","ts":"2024-10-30T20:36:23.789+0800","caller":"controllers/post.go:15","msg":"create post with invalid param"}
{"level":"info","ts":"2024-10-30T20:36:23.789+0800","caller":"logger/logger.go:87","msg":"/api/v1/post","status":200,"method":"POST","path":"/api/v1/post","query":"","ip":"::1","user-agent":"PostmanRuntime/7.42.0","errors":"","cost":0}
{"level":"debug","ts":"2024-10-30T20:37:13.137+0800","caller":"controllers/post.go:14","msg":" c.ShouldBindJSON(p) error","err":"Key: 'Post.author_id' Error:Field validation for 'author_id' failed on the 'required' tag"}
{"level":"error","ts":"2024-10-30T20:37:13.137+0800","caller":"controllers/post.go:15","msg":"create post with invalid param"}
{"level":"info","ts":"2024-10-30T20:37:13.137+0800","caller":"logger/logger.go:87","msg":"/api/v1/post","status":200,"method":"POST","path":"/api/v1/post","query":"","ip":"::1","user-agent":"PostmanRuntime/7.42.0","errors":"","cost":0.0007394}
{"level":"info","ts":"2024-10-30T20:38:02.809+0800","caller":"web2/main.go:100","msg":"Shutdown Server ..."}
{"level":"info","ts":"2024-10-30T20:38:02.810+0800","caller":"web2/main.go:109","msg":"Server exiting"}
{"level":"debug","ts":"2024-10-30T20:38:09.023+0800","caller":"web2/main.go:47","msg":"logger init success"}
{"level":"info","ts":"2024-10-30T20:38:15.649+0800","caller":"logger/logger.go:87","msg":"/api/v1/post","status":200,"method":"POST","path":"/api/v1/post","query":"","ip":"::1","user-agent":"PostmanRuntime/7.42.0","errors":"","cost":0.0064859}
{"level":"info","ts":"2024-10-30T20:40:15.774+0800","caller":"web2/main.go:100","msg":"Shutdown Server ..."}
{"level":"info","ts":"2024-10-30T20:40:15.775+0800","caller":"web2/main.go:109","msg":"Server exiting"}
{"level":"debug","ts":"2024-10-30T20:40:20.332+0800","caller":"web2/main.go:47","msg":"logger init success"}
{"level":"info","ts":"2024-10-30T20:40:38.392+0800","caller":"web2/main.go:100","msg":"Shutdown Server ..."}
{"level":"info","ts":"2024-10-30T20:40:38.394+0800","caller":"web2/main.go:109","msg":"Server exiting"}
{"level":"debug","ts":"2024-10-30T20:40:41.472+0800","caller":"web2/main.go:47","msg":"logger init success"}
{"level":"info","ts":"2024-10-30T20:41:15.170+0800","caller":"logger/logger.go:87","msg":"/api/v1/post","status":200,"method":"POST","path":"/api/v1/post","query":"","ip":"::1","user-agent":"PostmanRuntime/7.42.0","errors":"","cost":0.0005589}
{"level":"info","ts":"2024-10-30T20:42:19.175+0800","caller":"logger/logger.go:87","msg":"/api/v1/login","status":200,"method":"POST","path":"/api/v1/login","query":"","ip":"::1","user-agent":"PostmanRuntime/7.42.0","errors":"","cost":0.0020283}
{"level":"info","ts":"2024-10-30T20:42:34.988+0800","caller":"logger/logger.go:87","msg":"/api/v1/post","status":200,"method":"POST","path":"/api/v1/post","query":"","ip":"::1","user-agent":"PostmanRuntime/7.42.0","errors":"","cost":0.0003274}
{"level":"info","ts":"2024-10-30T20:42:39.406+0800","caller":"logger/logger.go:87","msg":"/api/v1/post","status":200,"method":"POST","path":"/api/v1/post","query":"","ip":"::1","user-agent":"PostmanRuntime/7.42.0","errors":"","cost":0.0009969}
{"level":"info","ts":"2024-10-30T20:43:14.311+0800","caller":"logger/logger.go:87","msg":"/api/v1/post","status":200,"method":"POST","path":"/api/v1/post","query":"","ip":"::1","user-agent":"PostmanRuntime/7.42.0","errors":"","cost":0}
{"level":"info","ts":"2024-10-30T20:46:12.142+0800","caller":"web2/main.go:100","msg":"Shutdown Server ..."}
{"level":"info","ts":"2024-10-30T20:46:12.146+0800","caller":"web2/main.go:109","msg":"Server exiting"}
{"level":"debug","ts":"2024-10-30T20:46:16.720+0800","caller":"web2/main.go:47","msg":"logger init success"}
{"level":"info","ts":"2024-10-30T20:46:19.781+0800","caller":"logger/logger.go:87","msg":"/api/v1/post","status":200,"method":"POST","path":"/api/v1/post","query":"","ip":"::1","user-agent":"PostmanRuntime/7.42.0","errors":"","cost":0.0015817}
{"level":"info","ts":"2024-10-30T20:46:20.861+0800","caller":"logger/logger.go:87","msg":"/api/v1/post","status":200,"method":"POST","path":"/api/v1/post","query":"","ip":"::1","user-agent":"PostmanRuntime/7.42.0","errors":"","cost":0}
{"level":"info","ts":"2024-10-30T20:47:40.822+0800","caller":"web2/main.go:100","msg":"Shutdown Server ..."}
{"level":"info","ts":"2024-10-30T20:47:40.823+0800","caller":"web2/main.go:109","msg":"Server exiting"}
{"level":"debug","ts":"2024-10-30T20:47:46.203+0800","caller":"web2/main.go:47","msg":"logger init success"}
{"level":"info","ts":"2024-10-30T20:47:51.812+0800","caller":"logger/logger.go:87","msg":"/api/v1/post","status":200,"method":"POST","path":"/api/v1/post","query":"","ip":"::1","user-agent":"PostmanRuntime/7.42.0","errors":"","cost":0}
{"level":"info","ts":"2024-10-30T20:48:25.539+0800","caller":"web2/main.go:100","msg":"Shutdown Server ..."}
{"level":"info","ts":"2024-10-30T20:48:25.541+0800","caller":"web2/main.go:109","msg":"Server exiting"}
{"level":"debug","ts":"2024-10-30T20:48:29.433+0800","caller":"web2/main.go:47","msg":"logger init success"}
{"level":"info","ts":"2024-10-30T20:48:35.033+0800","caller":"logger/logger.go:87","msg":"/api/v1/post","status":200,"method":"POST","path":"/api/v1/post","query":"","ip":"::1","user-agent":"PostmanRuntime/7.42.0","errors":"","cost":0.0009963}
{"level":"info","ts":"2024-10-30T20:51:02.361+0800","caller":"web2/main.go:100","msg":"Shutdown Server ..."}
{"level":"info","ts":"2024-10-30T20:51:02.361+0800","caller":"web2/main.go:109","msg":"Server exiting"}
{"level":"debug","ts":"2024-10-30T20:51:06.560+0800","caller":"web2/main.go:47","msg":"logger init success"}
{"level":"info","ts":"2024-10-30T20:51:09.760+0800","caller":"logger/logger.go:87","msg":"/api/v1/post","status":200,"method":"POST","path":"/api/v1/post","query":"","ip":"::1","user-agent":"PostmanRuntime/7.42.0","errors":"","cost":0.0005221}
{"level":"info","ts":"2024-10-30T20:51:41.410+0800","caller":"web2/main.go:100","msg":"Shutdown Server ..."}
{"level":"info","ts":"2024-10-30T20:51:41.415+0800","caller":"web2/main.go:109","msg":"Server exiting"}
{"level":"debug","ts":"2024-10-30T20:51:45.997+0800","caller":"web2/main.go:47","msg":"logger init success"}
{"level":"info","ts":"2024-10-30T20:51:50.899+0800","caller":"logger/logger.go:87","msg":"/api/v1/post","status":200,"method":"POST","path":"/api/v1/post","query":"","ip":"::1","user-agent":"PostmanRuntime/7.42.0","errors":"","cost":0.0029914}
{"level":"info","ts":"2024-10-30T20:52:51.171+0800","caller":"web2/main.go:100","msg":"Shutdown Server ..."}
{"level":"info","ts":"2024-10-30T20:52:51.172+0800","caller":"web2/main.go:109","msg":"Server exiting"}
{"level":"debug","ts":"2024-10-30T20:52:54.903+0800","caller":"web2/main.go:47","msg":"logger init success"}
{"level":"info","ts":"2024-10-30T20:53:41.228+0800","caller":"web2/main.go:100","msg":"Shutdown Server ..."}
{"level":"info","ts":"2024-10-30T20:53:41.228+0800","caller":"web2/main.go:109","msg":"Server exiting"}
{"level":"debug","ts":"2024-10-30T20:53:45.766+0800","caller":"web2/main.go:47","msg":"logger init success"}
{"level":"info","ts":"2024-10-30T20:53:47.658+0800","caller":"logger/logger.go:87","msg":"/api/v1/post","status":200,"method":"POST","path":"/api/v1/post","query":"","ip":"::1","user-agent":"PostmanRuntime/7.42.0","errors":"","cost":0}
{"level":"info","ts":"2024-10-30T20:59:00.778+0800","caller":"web2/main.go:100","msg":"Shutdown Server ..."}
{"level":"info","ts":"2024-10-30T20:59:00.779+0800","caller":"web2/main.go:109","msg":"Server exiting"}
{"level":"debug","ts":"2024-10-30T21:00:35.983+0800","caller":"web2/main.go:47","msg":"logger init success"}
{"level":"info","ts":"2024-10-30T21:00:50.821+0800","caller":"logger/logger.go:87","msg":"/api/v1/post","status":200,"method":"POST","path":"/api/v1/post","query":"","ip":"::1","user-agent":"PostmanRuntime/7.42.0","errors":"","cost":0.0005556}
{"level":"info","ts":"2024-10-30T21:01:56.038+0800","caller":"web2/main.go:100","msg":"Shutdown Server ..."}
{"level":"info","ts":"2024-10-30T21:01:56.038+0800","caller":"web2/main.go:109","msg":"Server exiting"}
{"level":"debug","ts":"2024-10-30T21:05:46.119+0800","caller":"web2/main.go:47","msg":"logger init success"}
{"level":"info","ts":"2024-10-30T21:05:49.701+0800","caller":"logger/logger.go:87","msg":"/api/v1/post","status":200,"method":"POST","path":"/api/v1/post","query":"","ip":"::1","user-agent":"PostmanRuntime/7.42.0","errors":"","cost":0}
{"level":"info","ts":"2024-10-30T21:07:16.228+0800","caller":"web2/main.go:100","msg":"Shutdown Server ..."}
{"level":"info","ts":"2024-10-30T21:07:16.229+0800","caller":"web2/main.go:109","msg":"Server exiting"}
{"level":"debug","ts":"2024-10-30T21:07:21.853+0800","caller":"web2/main.go:47","msg":"logger init success"}
{"level":"info","ts":"2024-10-30T21:07:28.593+0800","caller":"logger/logger.go:87","msg":"/api/v1/post","status":200,"method":"POST","path":"/api/v1/post","query":"","ip":"::1","user-agent":"PostmanRuntime/7.42.0","errors":"","cost":0}
{"level":"info","ts":"2024-10-30T21:07:29.868+0800","caller":"logger/logger.go:87","msg":"/api/v1/post","status":200,"method":"POST","path":"/api/v1/post","query":"","ip":"::1","user-agent":"PostmanRuntime/7.42.0","errors":"","cost":0.0004678}
{"level":"info","ts":"2024-10-30T21:08:49.305+0800","caller":"web2/main.go:100","msg":"Shutdown Server ..."}
{"level":"info","ts":"2024-10-30T21:08:49.306+0800","caller":"web2/main.go:109","msg":"Server exiting"}
{"level":"debug","ts":"2024-10-30T21:08:52.757+0800","caller":"web2/main.go:47","msg":"logger init success"}
{"level":"info","ts":"2024-10-30T21:08:55.644+0800","caller":"logger/logger.go:87","msg":"/api/v1/post","status":200,"method":"POST","path":"/api/v1/post","query":"","ip":"::1","user-agent":"PostmanRuntime/7.42.0","errors":"","cost":0}
{"level":"info","ts":"2024-10-30T21:11:50.429+0800","caller":"web2/main.go:100","msg":"Shutdown Server ..."}
{"level":"info","ts":"2024-10-30T21:11:50.429+0800","caller":"web2/main.go:109","msg":"Server exiting"}
{"level":"debug","ts":"2024-10-30T21:11:53.421+0800","caller":"web2/main.go:47","msg":"logger init success"}
{"level":"info","ts":"2024-10-30T21:11:58.001+0800","caller":"logger/logger.go:87","msg":"/api/v1/post","status":200,"method":"POST","path":"/api/v1/post","query":"","ip":"::1","user-agent":"PostmanRuntime/7.42.0","errors":"","cost":0.0001915}
{"level":"info","ts":"2024-10-30T21:12:07.167+0800","caller":"logger/logger.go:87","msg":"/api/v1/community","status":200,"method":"GET","path":"/api/v1/community","query":"","ip":"::1","user-agent":"PostmanRuntime/7.42.0","errors":"","cost":0.0013389}
{"level":"info","ts":"2024-10-30T21:12:15.724+0800","caller":"logger/logger.go:87","msg":"/api/v1/community","status":200,"method":"GET","path":"/api/v1/community","query":"","ip":"::1","user-agent":"PostmanRuntime/7.42.0","errors":"","cost":0}
{"level":"info","ts":"2024-10-30T21:12:20.829+0800","caller":"logger/logger.go:87","msg":"/api/v1/community","status":200,"method":"GET","path":"/api/v1/community","query":"","ip":"::1","user-agent":"PostmanRuntime/7.42.0","errors":"","cost":0.0019932}
{"level":"info","ts":"2024-10-30T21:12:24.833+0800","caller":"logger/logger.go:87","msg":"/api/v1/post","status":200,"method":"POST","path":"/api/v1/post","query":"","ip":"::1","user-agent":"PostmanRuntime/7.42.0","errors":"","cost":0.0023824}
{"level":"info","ts":"2024-10-30T21:12:38.637+0800","caller":"logger/logger.go:87","msg":"/api/v1/post","status":200,"method":"POST","path":"/api/v1/post","query":"","ip":"::1","user-agent":"PostmanRuntime/7.42.0","errors":"","cost":0.0029172}
{"level":"info","ts":"2024-10-30T21:12:41.256+0800","caller":"logger/logger.go:87","msg":"/api/v1/post","status":200,"method":"POST","path":"/api/v1/post","query":"","ip":"::1","user-agent":"PostmanRuntime/7.42.0","errors":"","cost":0.0004021}
{"level":"info","ts":"2024-10-30T21:12:56.757+0800","caller":"logger/logger.go:87","msg":"/api/v1/post","status":200,"method":"POST","path":"/api/v1/post","query":"","ip":"::1","user-agent":"PostmanRuntime/7.42.0","errors":"","cost":0.0012631}
{"level":"info","ts":"2024-10-30T21:13:17.671+0800","caller":"logger/logger.go:87","msg":"/api/v1/login","status":200,"method":"POST","path":"/api/v1/login","query":"","ip":"::1","user-agent":"PostmanRuntime/7.42.0","errors":"","cost":0.0045215}
{"level":"info","ts":"2024-10-30T21:13:28.637+0800","caller":"logger/logger.go:87","msg":"/api/v1/post","status":200,"method":"POST","path":"/api/v1/post","query":"","ip":"::1","user-agent":"PostmanRuntime/7.42.0","errors":"","cost":0.0018303}
{"level":"info","ts":"2024-10-30T21:13:34.537+0800","caller":"web2/main.go:100","msg":"Shutdown Server ..."}
{"level":"info","ts":"2024-10-30T21:13:34.537+0800","caller":"web2/main.go:109","msg":"Server exiting"}
{"level":"debug","ts":"2024-10-30T21:13:37.002+0800","caller":"web2/main.go:47","msg":"logger init success"}
{"level":"info","ts":"2024-10-30T21:13:39.872+0800","caller":"logger/logger.go:87","msg":"/api/v1/post","status":200,"method":"POST","path":"/api/v1/post","query":"","ip":"::1","user-agent":"PostmanRuntime/7.42.0","errors":"","cost":0.0027392}
{"level":"info","ts":"2024-10-30T21:13:56.238+0800","caller":"web2/main.go:100","msg":"Shutdown Server ..."}
{"level":"info","ts":"2024-10-30T21:13:56.238+0800","caller":"web2/main.go:109","msg":"Server exiting"}
